
* "classic(master)":http://github.com/cmangos/mangos-classic/commit/c653a66: c653a66 * Sidsukana (committer Sidsukana)<pre><code>[z1795] Fix take ammo for most ranged spells.
  97.4% src/game/

</code></pre>
* "classic(master)":http://github.com/cmangos/mangos-classic/commit/e829694: e829694 * Sidsukana (committer Sidsukana)<pre><code>[z1796] Return diminishing to core. Limit duration in pre-BC was 15 sec.
  92.7% src/game/
   7.2% src/shared/

</code></pre>
* "classic(master)":http://github.com/cmangos/mangos-classic/commit/0f1b66c: 0f1b66c * Salja (committer Salja)<pre><code>[z1797] Update ad.exe.
  99.9% contrib/extractor/

</code></pre>
* "classic(master)":http://github.com/cmangos/mangos-classic/commit/4d68c37: 4d68c37 * Salja (committer Salja)<pre><code>[z1798] Combustion (remove main aura) and (remove triggered aura stack) by Unlern Talents.
  91.2% src/game/
   8.7% src/shared/

</code></pre>
* "classic(master)":http://github.com/cmangos/mangos-classic/commit/b7a8540: b7a8540 * Sidsukana (committer Sidsukana)<pre><code>[z1799] Remove extra mods code.
  87.7% src/game/extras/
   5.3% src/game/
   6.3% src/mangosd/

</code></pre>
* "classic(master)":http://github.com/cmangos/mangos-classic/commit/139075f: 139075f * TheLuda (committer TheLuda)<pre><code>[z1800] Remove all remains of TBC spell modifications.
  37.3% src/game/
  43.9% win/VC100/
  18.7% win/VC90/

</code></pre>
* "classic(master)":http://github.com/cmangos/mangos-classic/commit/533c601: 533c601 * Sidsukana (committer Sidsukana)<pre><code>Rever [z1801]
  96.3% src/game/
   3.6% src/shared/

</code></pre>
* "classic(master)":http://github.com/cmangos/mangos-classic/commit/5b23e5f: 5b23e5f * Sidsukana (committer Sidsukana)<pre><code>[z1801] Implement HealBy() AI method.
  89.4% src/game/
  10.5% src/shared/

</code></pre>
* "classic(master)":http://github.com/cmangos/mangos-classic/commit/b800358: b800358 * Sidsukana (committer Sidsukana)<pre><code>[z1802] Correct way for spell 28560. Drop dead code.
  92.3% src/game/
   7.6% src/shared/

</code></pre>
* "classic(master)":http://github.com/cmangos/mangos-classic/commit/6761857: 6761857 * TheLuda (committer TheLuda)<pre><code>Corrected repository URLs for git_id tool.
 100.0% contrib/git_id/

</code></pre>
* "classic(master)":http://github.com/cmangos/mangos-classic/commit/205862d: 205862d * Salja (committer Sidsukana)<pre><code>[z1803] Fix Nightfall with changes. Thx Salja.
  88.3% src/game/
  11.6% src/shared/

</code></pre>
* "classic(master)":http://github.com/cmangos/mangos-classic/commit/7962b72: 7962b72 * Sidsukana (committer Sidsukana)<pre><code>[z1804] Fix CMSG_CHAT_IGNORED. Also fixed kick players if ignored player writing to them.
  66.8% src/game/
  33.1% src/shared/

</code></pre>
* "classic(master)":http://github.com/cmangos/mangos-classic/commit/482ca12: 482ca12 * Sidsukana (committer Sidsukana)<pre><code>[z1805] Fix Improved Sprint.
  76.2% src/game/
  23.7% src/shared/

</code></pre>
* "classic(master)":http://github.com/cmangos/mangos-classic/commit/e0a0426: e0a0426 * Sidsukana (committer Sidsukana)<pre><code>[z1806] Fix HP change in bear forms.
  84.3% src/game/
  15.6% src/shared/

</code></pre>
* "classic(master)":http://github.com/cmangos/mangos-classic/commit/84e3d1c: 84e3d1c * Sidsukana (committer Sidsukana)<pre><code>[z1807] Fix spell 6346.
  51.2% sql/updates/
  18.4% sql/
  30.2% src/shared/

</code></pre>
* "classic(master)":http://github.com/cmangos/mangos-classic/commit/be82e81: be82e81 * stfx (committer stfx)<pre><code>Fixes indoor check for Warsong flagroom, Alterac Valley cave entrance, Alterac Valley towers and others
 100.0% src/game/

</code></pre>
* "classic(master)":http://github.com/cmangos/mangos-classic/commit/023b81d: 023b81d * TheLuda (committer TheLuda)<pre><code>Merge pull request #14 from stfx/patch-1
</code></pre>
* "classic(master)":http://github.com/cmangos/mangos-classic/commit/a623e41: a623e41 * Sidsukana (committer Sidsukana)<pre><code>[z1808] Fix talent Heart of the Wild. Actually for 1.12.x.
  66.2% src/game/
  33.7% src/shared/

</code></pre>
* "classic(master)":http://github.com/cmangos/mangos-classic/commit/b2d8643: b2d8643 * Sidsukana (committer Sidsukana)<pre><code>[z1809] Fix item 23197.
  27.7% sql/updates/
  18.0% sql/
  29.3% src/game/
  24.8% src/shared/

</code></pre>
* "classic(master)":http://github.com/cmangos/mangos-classic/commit/2416b43: 2416b43 * Yaroslav Bugaev (committer Yaroslav Bugaev)<pre><code>Fixed a crash on closing mangosd.exe
 100.0% src/game/

</code></pre>
* "classic(master)":http://github.com/cmangos/mangos-classic/commit/3384ee4: 3384ee4 * Yaroslav Bugaev (committer Yaroslav Bugaev)<pre><code>Fixed a crash on closing mangosd.exe [2]
 100.0% src/game/

</code></pre>
* "classic(master)":http://github.com/cmangos/mangos-classic/commit/862358c: 862358c * Yaroslav Bugaev (committer Yaroslav Bugaev)<pre><code>Fixed a crash on closing mangosd.exe [3]
 100.0% src/game/

</code></pre>
* "classic(master)":http://github.com/cmangos/mangos-classic/commit/696bcdd: 696bcdd * TheLuda (committer TheLuda)<pre><code>Merge pull request #15 from Psimage/develop
</code></pre>
* "classic(master)":http://github.com/cmangos/mangos-classic/commit/1ced9b6: 1ced9b6 * TheLuda (committer TheLuda)<pre><code>- Removed file not needed.
 100.0% dep/ACE_wrappers/lib/

</code></pre>
* "classic(master)":http://github.com/cmangos/mangos-classic/commit/132cc18: 132cc18 * TheLuda (committer TheLuda)<pre><code>- Fixed compilation error.
  22.2% dep/include/g3dlite/G3D/
  77.7% src/game/

</code></pre>
* "classic(master)":http://github.com/cmangos/mangos-classic/commit/5dff2d3: 5dff2d3 * TheLuda (committer TheLuda)<pre><code>- Fix compilation issues in extractor.
 100.0% contrib/extractor/

</code></pre>
* "classic(master)":http://github.com/cmangos/mangos-classic/commit/b773d9b: b773d9b * TheLuda (committer TheLuda)<pre><code>- Updated year to 2012. A bite late.
   4.0% contrib/vmap_extractor_v3/vmapextract/
   4.5% contrib/
   6.6% src/framework/
   3.7% src/game/vmap/
  55.9% src/game/
   6.2% src/shared/Database/
   6.9% src/shared/
   8.1% src/

</code></pre>
* "classic(master)":http://github.com/cmangos/mangos-classic/commit/e3f6884: e3f6884 * TheLuda (committer TheLuda)<pre><code>Revert "- Removed file not needed."
 100.0% dep/ACE_wrappers/lib/

</code></pre>
* "classic(master)":http://github.com/cmangos/mangos-classic/commit/6c0854a: 6c0854a * TheLuda (committer TheLuda)<pre><code>- Rebuilt Windows solution files.
  97.5% dep/ACE_wrappers/ace/

</code></pre>
* "classic(master)":http://github.com/cmangos/mangos-classic/commit/83d5cbe: 83d5cbe * TheLuda (committer TheLuda)<pre><code>- Fixed vmap extraction for case-sensitive file systems.
 100.0% contrib/vmap_extractor_v3/vmapextract/

</code></pre>
* "classic(master)":http://github.com/cmangos/mangos-classic/commit/42de9af: 42de9af * TheLuda (committer TheLuda)<pre><code>- Corrected typo in RealmList message.
 100.0% src/realmd/

</code></pre>
* "classic(master)":http://github.com/cmangos/mangos-classic/commit/85beb87: 85beb87 * TheLuda (committer TheLuda)<pre><code>- Corrected build definition for vmap_extractor to use proper include and   link paths to libmpq.
  73.3% contrib/vmap_extractor_v3/vmapextract/
  26.6% contrib/vmap_extractor_v3/

</code></pre>
* "classic(master)":http://github.com/cmangos/mangos-classic/commit/ac8adb0: ac8adb0 * TheLuda (committer TheLuda)<pre><code>- Removed duplicate line of code in VMAP export.
  31.6% contrib/extractor/
  68.3% contrib/vmap_extractor_v3/vmapextract/

</code></pre>
* "classic(master)":http://github.com/cmangos/mangos-classic/commit/543f0ca: 543f0ca * TheLuda (committer TheLuda)<pre><code>- Sync dbcfile for extractor/vmap_extractor.
  50.5% contrib/extractor/
  49.4% contrib/vmap_extractor_v3/vmapextract/

</code></pre>
* "classic(master)":http://github.com/cmangos/mangos-classic/commit/dc7e395: dc7e395 * Kupix (committer Kupix)<pre><code>added "CREATE TEMPORARY TABLES" privilege. it is required during start of mangosd. checked on mysql server v5.1.61
 100.0% sql/

</code></pre>
* "classic(master)":http://github.com/cmangos/mangos-classic/commit/c90e75a: c90e75a * morphau (committer TheLuda)<pre><code>[z1815] Fix compile on *nix
  28.2% src/game/
  71.7% src/shared/

</code></pre>
* "classic(master)":http://github.com/cmangos/mangos-classic/commit/49927cb: 49927cb * Schmoozerd (committer TheLuda)<pre><code>[z1816] Hopefully really fix *nix compile
  42.8% src/game/
  57.1% src/shared/

</code></pre>
* "classic(master)":http://github.com/cmangos/mangos-classic/commit/4fedfb1: 4fedfb1 * Salja (committer TheLuda)<pre><code>[z1822] Fixes indoor check for Warsong flagroom, Alterac Valley cave entrance, Alterac Valley towers and others
 100.0% src/shared/

</code></pre>
* "classic(master)":http://github.com/cmangos/mangos-classic/commit/b88568a: b88568a * Sidsukana (committer TheLuda)<pre><code>[z1823] Fix talent Heart of the Wild. Actually for 1.12.x.
 100.0% src/shared/

</code></pre>
* "classic(master)":http://github.com/cmangos/mangos-classic/commit/621a2de: 621a2de * Sidsukana (committer TheLuda)<pre><code>[z1824] Fix item 23197.
  40.2% sql/updates/
  23.9% sql/
  35.8% src/shared/

</code></pre>
* "classic(master)":http://github.com/cmangos/mangos-classic/commit/2abc00e: 2abc00e * kaelima (committer TheLuda)<pre><code>[z1826] Small code cleanup in Player::UpdateWeaponSkill
  96.2% src/game/
   3.7% src/shared/

</code></pre>
* "classic(master)":http://github.com/cmangos/mangos-classic/commit/078cfb2: 078cfb2 * Salja (committer TheLuda)<pre><code>[z1830] Fixed a crash on closing mangosd.exe
  80.7% src/game/
  19.2% src/shared/

</code></pre>
* "classic(master)":http://github.com/cmangos/mangos-classic/commit/69fc67b: 69fc67b * Salja (committer TheLuda)<pre><code>[z1831] Fixed a crash on closing mangosd.exe [2]
  86.0% src/game/
  13.9% src/shared/

</code></pre>
* "classic(master)":http://github.com/cmangos/mangos-classic/commit/089fd8f: 089fd8f * Salja (committer TheLuda)<pre><code>[z1832] Fixed a crash on closing mangosd.exe [3]
  66.4% src/game/
  33.5% src/shared/

</code></pre>
* "classic(master)":http://github.com/cmangos/mangos-classic/commit/7b33275: 7b33275 * Nighoo (committer TheLuda)<pre><code>[z1833] Some more documentation and information for soap example
  76.5% contrib/soap/
  23.4% src/shared/

</code></pre>
* "classic(master)":http://github.com/cmangos/mangos-classic/commit/cde62b6: cde62b6 * TheLuda (committer TheLuda)<pre><code>- Added missing database structure updated.
 100.0% sql/

</code></pre>
* "classic(master)":http://github.com/cmangos/mangos-classic/commit/cd49252: cd49252 * TheLuda (committer TheLuda)<pre><code>- Build bindings after building mangos.
 100.0% src/

</code></pre>
* "classic(master)":http://github.com/cmangos/mangos-classic/commit/a286692: a286692 * TheLuda (committer TheLuda)<pre><code>Merge pull request #22 from kokeszko/patch-1

</code></pre>
* "classic(master)":http://github.com/cmangos/mangos-classic/commit/be46a2d: be46a2d * Cala Haryon (committer Cala Haryon)<pre><code>Fix sent level in trainer spell list - this fixes problems especially with druid trainers
 100.0% src/game/

</code></pre>
* "classic(master)":http://github.com/cmangos/mangos-classic/commit/738b250: 738b250 * TheLuda (committer TheLuda)<pre><code>Merge pull request #26 from cala/develop
</code></pre>
* "classic(master)":http://github.com/cmangos/mangos-classic/commit/2e17eba: 2e17eba * TheLuda (committer TheLuda)<pre><code>- Correct file permissions.

</code></pre>
* "classic(master)":http://github.com/cmangos/mangos-classic/commit/f026561: f026561 * Cala Haryon (committer Cala Haryon)<pre><code>Modify the mana regeneration rate to be correct for 1.12 and below.
 100.0% src/game/

</code></pre>
* "classic(master)":http://github.com/cmangos/mangos-classic/commit/c041d59: c041d59 * Cala Haryon (committer Cala Haryon)<pre><code>Fix glancing blows formula for zero.
 100.0% src/game/

</code></pre>
* "classic(master)":http://github.com/cmangos/mangos-classic/commit/223f292: 223f292 * Cala Haryon (committer Cala Haryon)<pre><code>Remove Stealth when looting.
 100.0% src/game/

</code></pre>
* "classic(master)":http://github.com/cmangos/mangos-classic/commit/2fe0e28: 2fe0e28 * Cala Haryon (committer Cala Haryon)<pre><code>Change files permission.

</code></pre>
* "classic(master)":http://github.com/cmangos/mangos-classic/commit/49daa44: 49daa44 * TheLuda (committer TheLuda)<pre><code>[z1838] Dropped TBCisms.
  97.4% src/game/

</code></pre>
* "classic(master)":http://github.com/cmangos/mangos-classic/commit/feefb05: feefb05 * Cala Haryon (committer Cala Haryon)<pre><code>Merge remote-tracking branch 'upstream/develop' into develop
</code></pre>
* "classic(master)":http://github.com/cmangos/mangos-classic/commit/a132132: a132132 * TheLuda (committer TheLuda)<pre><code>- Removed SkillDiscovery and SkillExtraItem from Windows build.
  69.1% win/VC100/
  30.8% win/VC90/

</code></pre>
* "classic(master)":http://github.com/cmangos/mangos-classic/commit/8f4f845: 8f4f845 * TheLuda (committer TheLuda)<pre><code>Merge pull request #27 from cala/develop
</code></pre>
* "classic(master)":http://github.com/cmangos/mangos-classic/commit/3468c7f: 3468c7f * TheLuda (committer TheLuda)<pre><code>- Code style applied.
  95.8% sql/

</code></pre>
* "classic(master)":http://github.com/cmangos/mangos-classic/commit/108775c: 108775c * TheLuda (committer TheLuda)<pre><code>[z1839] creature_linking_template updated.
  58.3% sql/updates/
  41.6% src/shared/

</code></pre>
* "classic(master)":http://github.com/cmangos/mangos-classic/commit/01a6612: 01a6612 * TheLuda (committer TheLuda)<pre><code>- Removed ancient database updates.
  14.7% sql/updates/0.10/
   5.3% sql/updates/0.11/
   3.6% sql/updates/0.12/
   4.4% sql/updates/0.12_branch/
  40.9% sql/updates/0.6/
   8.4% sql/updates/0.7/
  16.4% sql/updates/0.8/
   3.7% sql/updates/0.9/

</code></pre>
* "classic(master)":http://github.com/cmangos/mangos-classic/commit/26b0e53: 26b0e53 * TheLuda (committer TheLuda)<pre><code>[z1840] Cosmetic improvements for creature_template table.
  99.9% sql/

</code></pre>
* "classic(master)":http://github.com/cmangos/mangos-classic/commit/6ffe4b3: 6ffe4b3 * TheLuda (committer TheLuda)<pre><code>- Removed old universal bindings. - Removed old contrib projects.
  58.2% contrib/dbcEditer/bin/
  32.3% contrib/dbcEditer/
   8.9% contrib/vmap_extract_assembler_bin/

</code></pre>
* "classic(master)":http://github.com/cmangos/mangos-classic/commit/9293a6d: 9293a6d * TheLuda (committer TheLuda)<pre><code>- Unified file headers.
   4.1% contrib/vmap_extractor_v3/vmapextract/
   4.6% contrib/
   6.9% src/framework/
   3.9% src/game/vmap/
  56.7% src/game/
   6.6% src/shared/Database/
   7.3% src/shared/
   6.4% src/

</code></pre>FILE LAST UPDATED BASED ON... "classic(master)":http://github.com/cmangos/mangos-classic/commit/9293a6d: 9293a6d * TheLuda (committer TheLuda)

