####################################################################################################
##
## This file stores commits that should be backported from MaNGOS-TBC to CMaNGOS-Classic
## The content of this file is created with the update-commit-log.sh helper file
##
## Just delete the commits that are not required for backporting.
## Also feel free to paste notes here about other missing backports
##
## You are welcome to clean the commits that are successfully backported :)
##
####################################################################################################

This has no application in classic content. Keep it here as reference in case it was needed to get code in sync!
TBC(cleaned)_COMMIT 237f9ab  by VladimirMangos (commiter TheLuda) " [s1326] Implement in proper way ITEM_SPELLTRIGGER_ON_STORE (5) "

DestroyItemWithOnStoreSpell does not exist in Classic - Missing another backport?
TBC(cleaned)_COMMIT 6605f7a  by VladimirMangos (commiter TheLuda) " [s1327] More consitence use m_target for DestroyItemWithOnStoreSpell call in aura. "

TBC(cleaned)_COMMIT 8216c15  by stfx (commiter Schmoozerd) " Fix lava/slime liquid extraction from WMO data. Re-extraction of vmaps required for it to work "
  97.0% contrib/vmap_extract_assembler_bin/

TBC(cleaned)_COMMIT 941e974  by Laise (commiter Schmoozerd) " [s1334] fix damage and duration of reflected spells "
  95.2% src/game/
   4.7% src/shared/

TBC(cleaned)_COMMIT e17c71f  by Amaru (commiter Schmoozerd) " [s1335] fix reflect damage if caster can reflect too "
  77.0% src/game/
  22.9% src/shared/

TBC(cleaned)_COMMIT a088020  by VladimirMangos (commiter Schmoozerd) " [s1336] Implement SPELL_AURA_DETECT_AMORE (170) "
  88.4% src/game/
  11.5% src/shared/

TBC(cleaned)_COMMIT 09ad78a  by stfx (commiter Schmoozerd) " [s1337] Use master way of SPELL_AURA_DETECT_AMORE "
  93.2% src/game/
   6.7% src/shared/

TBC(cleaned)_COMMIT 645abb1  by Oniryck (commiter Schmoozerd) " [s1338] Fix unlearning talents of hunter pets "
  70.6% src/game/
  29.3% src/shared/

TBC(cleaned)_COMMIT e2cad64  by VladimirMangos (commiter Schmoozerd) " [s1339] Command .auction item and support auction without owner. "
   4.7% sql/updates/
   3.9% sql/
  89.4% src/game/

TBC(cleaned)_COMMIT 9929c2f  by VladimirMangos (commiter Schmoozerd) " [s1340] Proper way create items in Item::CreateItem/CloneItem for items not for inventory "
  82.1% src/game/
  17.8% src/shared/

TBC(cleaned)_COMMIT 30943bf  by VladimirMangos (commiter Schmoozerd) " [s1341] Alsways attempt generate randomProperty for item in at create if value not pre-selected. "
  97.1% src/game/

TBC(cleaned)_COMMIT 37e4d77  by VladimirMangos (commiter Schmoozerd) " [s1342] Resolve possible crash in auction code for paiment pending state "
   5.8% sql/updates/
   3.5% sql/
  88.2% src/game/

TBC(cleaned)_COMMIT 48e86b4  by VladimirMangos (commiter Schmoozerd) " [s1343] Allow have auction bid generated by server "
  99.3% src/game/

TBC(cleaned)_COMMIT aca72ab  by VladimirMangos (commiter Schmoozerd) " [s1344] Use proper text structure in auction mail subject/text "
  95.0% src/game/
   4.9% src/shared/

TBC(cleaned)_COMMIT b12c92c  by VladimirMangos (commiter Schmoozerd) " [s1345] Add enum AuctionHouseType and let use it for more direct access to auction houses in AuctionHouseMgr "
  95.0% src/game/
   4.9% src/shared/

TBC(cleaned)_COMMIT 0165394  by VladimirMangos (commiter Schmoozerd) " [s1346] Move empty guid check into GetPlayerAccountIdByGUID code. "
  94.1% src/game/
   5.8% src/shared/

TBC(cleaned)_COMMIT cfe2c3b  by VladimirMangos (commiter Schmoozerd) " [s1347] Fixed auction ordering functions assert fails. "
  95.7% src/game/
   4.2% src/shared/

TBC(cleaned)_COMMIT fa98564  by VladimirMangos (commiter Schmoozerd) " [s1348] Load ItemClass.dbc "
  93.5% src/game/
   6.4% src/shared/

TBC(cleaned)_COMMIT 4c0f34e  by VladimirMangos (commiter Schmoozerd) " [s1349] Remove World::setConfigPos for uint32 and move check to all uint32 config values. "
  98.8% src/game/

TBC(cleaned)_COMMIT 96af2ba  by VladimirMangos (commiter Schmoozerd) " [s1350] Always use _unsigned_ BIGINT fields in DB for time store "
  55.0% sql/updates/
  35.6% sql/
   5.5% src/game/
   3.7% src/shared/

TBC(cleaned)_COMMIT e0cc49e  by VladimirMangos (commiter Schmoozerd) " [s1351] Fixed chat command parse with explicit literal check. "
  72.9% src/game/
  27.0% src/shared/

TBC(cleaned)_COMMIT f4907f3  by zergtmn (commiter Schmoozerd) " [s1352] Use vector instead of list for sorting auction items "
  96.3% src/game/
   3.6% src/shared/

TBC(cleaned)_COMMIT af3e439  by VladimirMangos (commiter Schmoozerd) " [s1353] Fixed possible crash after auction loading with wrong houseid field value. "
  92.0% src/game/
   7.9% src/shared/

TBC(cleaned)_COMMIT 7d8c08f  by VladimirMangos (commiter Schmoozerd) " [s1354] Fixed auction crash in case missing localization for only some items "
  99.7% src/game/

TBC(cleaned)_COMMIT 2b310b2  by antiroot (commiter Schmoozerd) " [s1355] Auction House Bot (AHBot) patch applied "
  94.4% src/game/AuctionHouseBot/
   3.7% src/

TBC(cleaned)_COMMIT aed599a  by VladimirMangos (commiter Schmoozerd) " [s1356] AHBot chat/console commands. "
  17.2% sql/updates/
  14.4% sql/
  26.7% src/game/AuctionHouseBot/
  40.8% src/game/

TBC(cleaned)_COMMIT 0fa3a46  by VladimirMangos (commiter Schmoozerd) " [s1357] Implement option for set ahbot config file in mangosd command line "
  55.2% src/game/AuctionHouseBot/
  40.2% src/mangosd/
   4.4% src/shared/

TBC(cleaned)_COMMIT 7deba4e  by Lynx3d (commiter Schmoozerd) " [s1358] Improve fishing bobber placement and send more correct error messages. "
  97.2% src/game/

TBC(cleaned)_COMMIT 2ec7bd2  by VladimirMangos (commiter Schmoozerd) " [s1359] Hide passwords from logs "
  39.9% src/game/
   9.3% src/mangosd/
  47.6% src/shared/Database/
   3.0% src/

TBC(cleaned)_COMMIT 5a0ca04  by kid 10 (commiter Schmoozerd) " [s1360] Fixed use ".gobject move" with implicit player coordinates. "
  35.6% src/game/
  64.3% src/shared/

TBC(cleaned)_COMMIT d70d024  by Schmoozerd (commiter Schmoozerd) " [s1361] Implement npc spells 28096 and 28111 "
  97.8% src/game/

TBC(cleaned)_COMMIT 9313f07  by virusav (commiter Schmoozerd) " [s1362] Implement dummy effect of spell 40962 "
  94.1% src/game/
   5.8% src/shared/

TBC(cleaned)_COMMIT 1442fed  by Vinolentus (commiter Schmoozerd) " [s1363] Avoid happines overflow in HandlePetAbandon :) "
  81.3% src/game/
  18.6% src/shared/

TBC(cleaned)_COMMIT f78bffe  by Schmoozerd (commiter Schmoozerd) " [s1364] Add documention for CreatureAI API "
  99.4% src/game/

TBC(cleaned)_COMMIT ae8cf19  by VladimirMangos (commiter Schmoozerd) " [s1365] Fixed resurrection for released ghost case. "
  65.6% src/game/
  34.3% src/shared/

TBC(cleaned)_COMMIT 563f532  by Schmoozerd (commiter Schmoozerd) " [s1366] Let scripting library decide if an encounter is in progress in instances "
  88.3% src/game/
  11.6% src/shared/

TBC(cleaned)_COMMIT 81362da  by stfx (commiter Schmoozerd) " [s1367] Add missing characters.sql version bump of s1350 "
  70.0% sql/
  29.9% src/shared/

TBC(cleaned)_COMMIT efbc494  by Laise (commiter Schmoozerd) " [s1368] add negative auras, channeled and regeneration spells immunity for totems "
  94.2% src/game/
   5.7% src/shared/

TBC(cleaned)_COMMIT 0273aa6  by stfx (commiter Schmoozerd) " [s1369] Add missing files of previous commit "
  97.4% src/game/

TBC(cleaned)_COMMIT 58457a6  by rowman (commiter Schmoozerd) " [s1370] Restore spellmod charges used by fail spell cast "
  98.0% src/game/

TBC(cleaned)_COMMIT 8687bb9  by stfx (commiter Schmoozerd) " [s1371] Add more features to SelectAttackingTarget "
  99.0% src/game/

TBC(cleaned)_COMMIT 8147ccb  by Vinolentus (commiter Schmoozerd) " [s1372] Do not remove item on unrelated auraholder remove "
  86.9% src/game/
  13.0% src/shared/

TBC(cleaned)_COMMIT dab1ba9  by bastili (commiter Schmoozerd) " [s1373] Implement spell 29395 "
  92.5% src/game/
   7.4% src/shared/

TBC(cleaned)_COMMIT eec6b02  by zergtmn (commiter Schmoozerd) " [s1374] Drop support for VC 2005 "
   7.0% contrib/
  87.9% win/VC80/
   3.4% win/

TBC(cleaned)_COMMIT 260848e  by stfx (commiter Schmoozerd) " [s1375] Fix build in VS11 Developer Preview "
  10.1% src/framework/Utilities/
  10.4% src/game/
  77.9% win/VC100/

TBC(cleaned)_COMMIT bacd2c4  by Laise (commiter Schmoozerd) " [s1376] make armor bonuses from certain items be unaffected by base armor mods "
  90.1% src/game/
   9.8% src/shared/

TBC(cleaned)_COMMIT e13d91e  by SilverIce (commiter Schmoozerd) " [s1377] Cleanup, simplify random and targeted movement generator code "
  98.6% src/game/

TBC(cleaned)_COMMIT 214ec2e  by SilverIce (commiter Schmoozerd) " [s1378] Rewrite WaypointMovementGenerator "
  99.4% src/game/

TBC(cleaned)_COMMIT 4c6fef8  by SilverIce (commiter Schmoozerd) " [s1379] Don't finalize movement generators in motion master destuctor "
  89.0% src/game/
  10.9% src/shared/

TBC(cleaned)_COMMIT 2ac71ce  by TOM_RUS (commiter Schmoozerd) " [s1380] Move movementInfo field to Unit, rename movement flags to fit 3.3.5 naming 'standart' "
  99.6% src/game/

TBC(cleaned)_COMMIT 237a34d  by TOM_RUS (commiter Schmoozerd) " [s1381] Added appendPackXYZ to ByteBuffer class. "
 100.0% src/shared/

TBC(cleaned)_COMMIT b69d446  by SilverIce (commiter Schmoozerd) " [s1382] Implement spline movement subsystem "
  41.8% src/game/movement/
  32.7% src/game/
  22.7% win/VC80/

TBC(cleaned)_COMMIT 662aecd  by SilverIce (commiter Schmoozerd) " [s1383] Simplify walk/run movement mode selection code "
  97.8% src/game/

TBC(cleaned)_COMMIT f4c1a13  by SilverIce (commiter Schmoozerd) " [s1384] correct monster_move packet structure "
  31.7% src/game/movement/
  68.2% src/shared/

TBC(cleaned)_COMMIT 85a340b  by SilverIce (commiter Schmoozerd) " [s1385] Rename Walkmode into Runmode - in 2.x walk flag meaning reversed. Thanks to vladimir "
  89.6% src/game/movement/
  10.3% src/shared/

TBC(cleaned)_COMMIT 9c13984  by SilverIce (commiter Schmoozerd) " [s1386] fix the issue that HomeMovementGenerator finalize code wasn't executed in real meaning "
  87.7% src/game/
  12.2% src/shared/

TBC(cleaned)_COMMIT 6c153ea  by MaxXx2021 (commiter Schmoozerd) " [s1387] Set walking as a default creature movement mode "
  56.2% src/game/
  43.7% src/shared/

TBC(cleaned)_COMMIT 2e549c3  by SilverIce (commiter Schmoozerd) " [s1388] fix the issue in FlightPathMovementGenerator that event for last path point was not processed "
  93.2% src/game/
   6.7% src/shared/

TBC(cleaned)_COMMIT 465c33c  by SilverIce (commiter Schmoozerd) " [s1389] Add fake Runmode flag at monster movement packet building. Client has strange issues without that flag "
  70.0% src/game/movement/
  29.9% src/shared/

TBC(cleaned)_COMMIT 8c0b279  by stfx (commiter Schmoozerd) " [s1390] Rename MOVEMENTFLAG for master compatibility "
  14.6% src/game/movement/
  84.8% src/game/

TBC(cleaned)_COMMIT adc8edb  by stfx (commiter Schmoozerd) " [s1391] Shutdown messages are now sent in blizzlike intervals. Author: Shauren "
  95.6% src/game/
   4.3% src/shared/

TBC(cleaned)_COMMIT cb9e89d  by Xfurry (commiter Schmoozerd) " [s1392] Implement spell 43498 "
  95.7% src/game/
   4.2% src/shared/

TBC(cleaned)_COMMIT dd7371d  by Lightguard (commiter Schmoozerd) " [s1393] Make SPELL_EFFECT_QUEST_COMPLETE always positive "
  42.8% src/game/
  57.1% src/shared/

TBC(cleaned)_COMMIT 4b3de13  by Midna (commiter Schmoozerd) " [s1394] Send unit movement speeds in the proper order, correct baseMoveSpeed value order "
   3.4% src/game/
  96.5% src/shared/

TBC(cleaned)_COMMIT 6ec80f7  by SilverIce (commiter Schmoozerd) " [s1395] A bit gameobject code refactoring "
  96.7% src/game/
   3.2% src/shared/

TBC(cleaned)_COMMIT fbc1de8  by Schmoozerd (commiter Schmoozerd) " [s1396] Fix an old bug related to GO spawnmask check "
  98.2% src/shared/

TBC(cleaned)_COMMIT 44604a0  by Schmoozerd (commiter Schmoozerd) " [s1397] Fix a bug preventing displaying correct instance reset time "
  97.2% src/game/

TBC(cleaned)_COMMIT 7c7f344  by stfx (commiter Schmoozerd) " [s1398] Add possibility to send sound only to a zone in Map::PlayDirectSoundToMap "
  89.5% src/game/
  10.4% src/shared/

TBC(cleaned)_COMMIT 1ddcba1  by stfx (commiter Schmoozerd) " [s1399] Receiving whispers while being dnd "
  14.9% sql/updates/
   6.3% sql/
  69.4% src/game/
   9.1% src/shared/

TBC(cleaned)_COMMIT 61e2366  by stfx (commiter Schmoozerd) " [s1400] Use the same variable to store the message for AFK and DND "
  97.7% src/game/

TBC(cleaned)_COMMIT 75938fb  by stfx (commiter Schmoozerd) " [s1401] Update git_id tool for new repo location "
  81.7% contrib/git_id/
  18.2% src/shared/

TBC(cleaned)_COMMIT 0361ee7  by stfx (commiter Schmoozerd) " [s1402] Fix sending custom GO animation for Type10 GOs "
  83.9% src/game/
  16.0% src/shared/

TBC(cleaned)_COMMIT 3c9982b  by stfx (commiter Schmoozerd) " [s1403] Add missing change of 91d22fe "
  78.5% sql/
  21.4% src/shared/

TBC(cleaned)_COMMIT e63dc05  by Schmoozerd (commiter Schmoozerd) " [s1404] Improve db error log output for *_addon auras "
  91.6% src/game/
   8.3% src/shared/

TBC(cleaned)_COMMIT 7101a08  by SilverIce (commiter Schmoozerd) " [s1405] update creature's unit part(update spell events, auras, movement) while in death. thanks to rsa for making tests "
  93.3% src/game/
   6.6% src/shared/

TBC(cleaned)_COMMIT 462ed81  by SilverIce (commiter Schmoozerd) " [s1406] move SetActiveObjectState to WorldObject level "
  95.8% src/game/
   4.1% src/shared/

TBC(cleaned)_COMMIT f6ef094  by SilverIce (commiter Schmoozerd) " [s1407] Cleanup spline flag code. "
  23.2% src/game/movement/
  72.9% src/game/
   3.7% src/shared/

TBC(cleaned)_COMMIT f04b281  by PSZ (commiter Schmoozerd) " [s1408] Add more functionality to CONDITION_QUESTTAKEN "
  96.2% src/game/
   3.7% src/shared/

TBC(cleaned)_COMMIT 5745c66  by Schmoozerd (commiter Schmoozerd) " [s1409] Add SCRIPT_COMMAND_MODIFY_NPC_FLAG to change NPC flags by db-script "
   7.4% doc/
  91.5% src/game/

TBC(cleaned)_COMMIT 7e4d362  by Schmoozerd (commiter Schmoozerd) " [s1410] Note meaning of second value for CONDITION_QUESTTAKEN "
  75.9% src/game/
  24.0% src/shared/

TBC(cleaned)_COMMIT b753212  by SilverIce (commiter Schmoozerd) " [s1411] Implement creature offhand attack. based on patch from maxxx2021 "
  99.2% src/game/

TBC(cleaned)_COMMIT 348032f  by SilverIce (commiter Schmoozerd) " [s1412] remove no more needed CORPSE_FALLING state, move FallGround method to more appropriate place "
  97.6% src/game/

TBC(cleaned)_COMMIT d0bd100  by Schmoozerd (commiter Schmoozerd) " [s1413] Implement Creature Linking via database "
   5.8% sql/
  91.6% src/game/

TBC(cleaned)_COMMIT 1f1abbf  by Schmoozerd (commiter Schmoozerd) " [s1414] Do not allow referenced loot with negative chance, bug found by crackm "
  92.5% src/game/
   7.4% src/shared/

TBC(cleaned)_COMMIT 481fe01  by SilverIce (commiter Schmoozerd) " [s1415] Implement jump (parabolic movement) effect "
  12.1% sql/updates/
   9.0% sql/
   5.0% src/game/movement/
  64.6% src/game/
   9.0% src/shared/

TBC(cleaned)_COMMIT f316951  by stfx (commiter Schmoozerd) " [s1416] In 2.4.3 knockbacks are not available for creatures "
   3.2% src/game/movement/
  95.2% src/game/

TBC(cleaned)_COMMIT 65cbf6e  by stfx (commiter Schmoozerd) " [s1417] Remove trailing whitespaces "
 100.0% src/shared/

TBC(cleaned)_COMMIT 6263461  by stfx (commiter Schmoozerd) " [s1418] Cleanup some battleground related code based on master "
  94.1% src/game/
   5.8% src/shared/

TBC(cleaned)_COMMIT f349caf  by stfx (commiter Schmoozerd) " [s1419] Fix spell 12162 after 5a793da "
  96.9% src/game/
   3.0% src/shared/

TBC(cleaned)_COMMIT 605aeb5  by Vinolentus (commiter Schmoozerd) " [s1420] Fix SqlStatement::addBool "
  90.2% src/shared/Database/
   9.7% src/shared/

TBC(cleaned)_COMMIT b39a7ac  by Nighoo (commiter Schmoozerd) " [s1421] Some more documentation and information for soap example "
  76.5% contrib/soap/
  23.4% src/shared/

TBC(cleaned)_COMMIT 437abd4  by kaelima (commiter Schmoozerd) " [s1422] Small code cleanup in Player::UpdateWeaponSkill "
  95.3% src/game/
   4.6% src/shared/

TBC(cleaned)_COMMIT 9bdbc23  by Schmoozerd (commiter Schmoozerd) " [s1423] Add support to send custom gameobject anim for a few traps "
  84.4% src/game/
  15.5% src/shared/

TBC(cleaned)_COMMIT 51f3a2c  by Schmoozerd (commiter Schmoozerd) " [s1424] Fix script command modify_npc_flag "
  62.6% doc/
  23.6% src/game/
  13.6% src/shared/

TBC(cleaned)_COMMIT 306e0cf  by Schmoozerd (commiter Schmoozerd) " [s1425] Add spell difficulty selection for creature*_addon auras "
  78.7% src/game/
  21.2% src/shared/

TBC(cleaned)_COMMIT 796c5c8  by Xfurry (commiter Schmoozerd) " [s1426] Implement spells 45976, 46177, 45989 for M'uru encounter "
  93.7% src/game/
   6.2% src/shared/

TBC(cleaned)_COMMIT 05ab6e1  by Xfurry (commiter Schmoozerd) " [s1427] Implement ScriptEffects for spells 45141, 45151, 45206 for Brutallus "
  94.6% src/game/
   5.3% src/shared/

TBC(cleaned)_COMMIT c573f6b  by stfx (commiter Schmoozerd) " [s1428] Fix SMSG_MONSTER_MOVE_TRANSPORT for 2.4.3 "
  49.5% src/game/movement/
  50.4% src/shared/

TBC(cleaned)_COMMIT 65e1d36  by Schmoozerd (commiter Schmoozerd) " [s1429] Changes to default target selection "
  99.1% src/game/

TBC(cleaned)_COMMIT b8246e8  by Schmoozerd (commiter Schmoozerd) " [s1430] Fix teleport spells with TargetType (TARGET_TABLE_X_Y_Z_COORDINATES, NO_TARGET) "
  86.9% src/game/
  13.0% src/shared/

TBC(cleaned)_COMMIT eec4a2e  by stfx (commiter Schmoozerd) " [s1431] Prevent removing template bgs from visible bg list "
  92.9% src/game/
   7.0% src/shared/

TBC(cleaned)_COMMIT 9e1bb1c  by stfx (commiter Schmoozerd) " [s1432] Fix detecting a few indoor locations in 2.4.3 "
  89.7% src/game/
  10.2% src/shared/

TBC(cleaned)_COMMIT 3db6862  by stfx (commiter Schmoozerd) " [s1433] Remove outdated VS 2005 project file "
  99.8% win/VC80/

TBC(cleaned)_COMMIT 532c849  by stfx (commiter Schmoozerd) " [s1434] Totem/Relic swapping should not trigger GCD "
  84.6% src/game/
  15.3% src/shared/

TBC(cleaned)_COMMIT e2ee9ec  by Schmoozerd (commiter Schmoozerd) " [s1435] Change use of ScriptLibrary OnGOUse return value in GO::Use "
  97.3% src/game/

TBC(cleaned)_COMMIT 1d010f4  by Schmoozerd (commiter Schmoozerd) " [s1436] Add missing pointer check for spell 45989. "
  55.5% src/game/
  44.4% src/shared/

TBC(cleaned)_COMMIT 294cfb6  by Schmoozerd (commiter Schmoozerd) " [s1437] Implement Condition CONDITION_SKILL_BELOW to be able to check if a player has a skill lower than a given value "
  90.4% src/game/
   9.5% src/shared/

TBC(cleaned)_COMMIT 61a7652  by Sergey (commiter Schmoozerd) " [s1438] Update src/game/SpellEffects.cpp "
  82.4% src/game/
  17.5% src/shared/

TBC(cleaned)_COMMIT 6eb9283  by PSZ (commiter Schmoozerd) " [s1439] Add additional flag SELECT_FLAG_NOT_IN_MELEE_RANGE "
  93.1% src/game/
   6.8% src/shared/

TBC(cleaned)_COMMIT 74afa84  by Xfurry (commiter Schmoozerd) " [s1440] Implement spell effects for Kalecgos "
   9.3% sql/updates/
   7.2% sql/
  77.3% src/game/
   6.0% src/shared/

TBC(cleaned)_COMMIT b984ea8  by Schmoozerd (commiter Schmoozerd) " [s1441] Add support for db scripts assigned to gossip menus "
   8.7% sql/updates/
   6.5% sql/
  80.8% src/game/
   3.9% src/shared/

TBC(cleaned)_COMMIT d6eabd4  by Schmoozerd (commiter Schmoozerd) " [s1442] Add new flag_extra NO_TALKTO_CREDIT "
  81.0% src/game/
  18.9% src/shared/

TBC(cleaned)_COMMIT df9fe46  by Schmoozerd (commiter Schmoozerd) " [s1443] Comment structure of script storage "
  80.4% src/game/
  19.5% src/shared/

TBC(cleaned)_COMMIT 73be423  by mns (commiter Schmoozerd) " [s1444] Update forgotten comment in mangosd.conf.dist.in "
  73.0% src/mangosd/
  26.9% src/shared/

TBC(cleaned)_COMMIT 2234d57  by Schmoozerd (commiter Schmoozerd) " [s1445] Fix sent level in trainer spell list - this fixes problems especially with druid trainers "
  97.1% src/game/

TBC(cleaned)_COMMIT 51f042e  by Schmoozerd (commiter Schmoozerd) " [s1446] Enable script command MOVE_TO to also change the orientation "
  26.0% doc/
  67.9% src/game/
   6.0% src/shared/

TBC(cleaned)_COMMIT 067bf8d  by evil-at-wow (commiter Schmoozerd) " [s1447] Do not log item moves in guild bank log "
  95.1% src/game/
   4.8% src/shared/

TBC(cleaned)_COMMIT 9a8719f  by Schmoozerd (commiter Schmoozerd) " [s1448] Fix vendor items sold by vendor_template "
  51.3% src/game/
  48.6% src/shared/

TBC(cleaned)_COMMIT 8237f4b  by Reamer (commiter Schmoozerd) " [s1449] Do not overwrite channel spells with other channel spells "
  75.1% src/game/
  24.8% src/shared/

TBC(cleaned)_COMMIT 14a0313  by Vinolentus (commiter Schmoozerd) " [s1450] Fix possible SQL injection for .tele add command "
  92.2% src/game/
   7.7% src/shared/

TBC(cleaned)_COMMIT 9012364  by Funkybit (commiter Schmoozerd) " [s1451] Fix spell 32770 not increasing healing if not casted onto self. "
  97.0% src/game/

TBC(cleaned)_COMMIT 1a803ee  by stfx (commiter Schmoozerd) " [s1452] Revert "[s1434] Totem/Relic swapping should not trigger GCD" "
  84.6% src/game/
  15.3% src/shared/

TBC(cleaned)_COMMIT 1b0085c  by VladimirMangos (commiter Schmoozerd) " [s1453] Remove one obsolete variable and fix a comment "
  78.7% src/game/
  21.2% src/shared/

TBC(cleaned)_COMMIT 915b7e7  by Klark20 (commiter Schmoozerd) " [s1454] Fix SCRIPT_COMMAND_SET_FACTION to check for expected Faction Templates and not factions "
  91.3% src/game/
   8.6% src/shared/

TBC(cleaned)_COMMIT f9a3dc9  by Schmoozerd (commiter Schmoozerd) " [s1455] Update Copyright notice to year 2012 "
   3.2% contrib/vmap_extractor_v3/vmapextract/
   6.5% src/framework/
   3.6% src/game/vmap/
  59.2% src/game/
   6.2% src/shared/Database/
   6.8% src/shared/
   7.9% src/

TBC(cleaned)_COMMIT bf5142a  by virusav (commiter Schmoozerd) " [s1456] Fix table layout for `creature_linking_template` "
  34.8% sql/updates/
  55.6% sql/
   9.6% src/shared/

TBC(cleaned)_COMMIT 1e74750  by virusav (commiter Schmoozerd) " [s1457] Remove check for quest_template if QuestSort and SkillId match "
  95.6% src/game/
   4.3% src/shared/

TBC(cleaned)_COMMIT 60e84b5  by darkstalker (commiter Schmoozerd) " [s1458] Add group looting rules for gameobjects (chests) "
  99.4% src/game/

TBC(cleaned)_COMMIT 3fb8a2f  by Schmoozerd (commiter Schmoozerd) " [s1459] Ensure that db saved values and values in memory are in sync "
  96.4% src/game/
   3.5% src/shared/

TBC(cleaned)_COMMIT 7097800  by C:/Program Files (x86)/git/dev/rsa (commiter Schmoozerd) " [s1460] Improve a few functions related to Angle calculation "
  91.6% src/game/
   8.3% src/shared/

TBC(cleaned)_COMMIT 71fc002  by Schmoozerd (commiter Schmoozerd) " [s1461] Inform AI function of original caster in some cases "
  96.9% src/game/
   3.0% src/shared/

TBC(cleaned)_COMMIT 794cbe8  by faramir118 (commiter Schmoozerd) " [s1462] Fix some combat behaviour of NPC-Pets "
  96.8% src/game/
   3.1% src/shared/

TBC(cleaned)_COMMIT f3752dd  by Xfurry (commiter Schmoozerd) " [s1463] Implement spells 32300, 32301 "
  92.1% src/game/
   7.8% src/shared/

TBC(cleaned)_COMMIT 28eee6f  by Schmoozerd (commiter Schmoozerd) " [s1464] Fix missing cast from changes of 11880 "
  79.5% src/game/
  20.4% src/shared/

TBC(cleaned)_COMMIT 084ae8e  by rsa (commiter Schmoozerd) " [s1465] Fix spell targeting for pet spells with target-type (0,0) "
  91.6% src/game/
   8.3% src/shared/

TBC(cleaned)_COMMIT e098db9  by Schmoozerd (commiter Schmoozerd) " [s1466] Implement FLAG_DESPAWN_ON_EVADE for creature_linking. "
  88.0% src/game/
  11.9% src/shared/

TBC(cleaned)_COMMIT 77fca41  by pasdVn (commiter Schmoozerd) " [s1467] Improve handling of target mode TARGET_RANDOM_NEARBY_DEST "
  97.2% src/game/

TBC(cleaned)_COMMIT 0e3bc21  by Schmoozerd (commiter Schmoozerd) " [s1468] Fix faction check for EventAI command ACTION_T_SET_FACTION to also check for faction template. "
  69.2% src/game/
  30.7% src/shared/

TBC(cleaned)_COMMIT c239e54  by DaC (commiter Schmoozerd) " [s1469] Fix battleground kick for inactive players. Close pull request #29 "
  82.8% src/game/
  17.1% src/shared/

TBC(cleaned)_COMMIT e3c9688  by Salja (commiter Schmoozerd) " [s1470] Edit src/game/SpellAuras.cpp - Fix spell name comment "
  17.6% src/game/
  82.3% src/shared/

TBC(cleaned)_COMMIT a91b5c4  by NeatElves (commiter Schmoozerd) " [s1471] Implement GOSSIP_OPTION_MAILBOX "
  98.6% src/game/

TBC(cleaned)_COMMIT de8a518  by Schmoozerd (commiter Schmoozerd) " [s1472] Reorder caster/target selection for normal case in Aura::TriggerSpell "
  98.1% src/game/

TBC(cleaned)_COMMIT 4ded8a1  by Klark20 (commiter Schmoozerd) " [s1473] Enable gossip_menu_option scripts for all gossip options "
  95.0% src/game/
   4.9% src/shared/

TBC(cleaned)_COMMIT 9d86e81  by Salja (commiter Schmoozerd) " [s1474] fix typo in comment "
  69.7% src/game/
  30.2% src/shared/

TBC(cleaned)_COMMIT 41f4d85  by Salja (commiter Schmoozerd) " [s1475] Revert "[s1470] Edit src/game/SpellAuras.cpp - Fix spell name comment" "
  17.6% src/game/
  82.3% src/shared/

TBC(cleaned)_COMMIT f99674e  by Salja (commiter Schmoozerd) " [s1476] Revert "[s1469] Fix battleground kick for inactive players. Close pull request #29" "
  82.8% src/game/
  17.1% src/shared/

TBC(cleaned)_COMMIT 7e228b7  by Schmoozerd (commiter Schmoozerd) " [s1477] Fix caster of triggered spell of 44883 - seems to be unique combination "
  84.2% src/game/
  15.7% src/shared/

TBC(cleaned)_COMMIT d202d54  by stfx (commiter Schmoozerd) " [s1478] Revert "[s1471] Implement GOSSIP_OPTION_MAILBOX" "
  83.9% src/game/
  16.0% src/shared/

TBC(cleaned)_COMMIT d3a5867  by Quriq14 (commiter Schmoozerd) " [s1479] Prevent EVENT_T_TIMER_OCC to expire while evading "
  52.5% doc/
  39.2% src/game/
   8.2% src/shared/

TBC(cleaned)_COMMIT 3630caa  by faramir118 (commiter Schmoozerd) " [s1480] Import Recast Navigation "
   3.5% dep/recastnavigation/Detour/
   3.1% dep/recastnavigation/Recast/
   7.6% dep/recastnavigation/RecastDemo/Bin/Meshes/
  16.2% dep/recastnavigation/RecastDemo/Bin/Recast.app/Contents/MacOS/
  21.7% dep/recastnavigation/RecastDemo/Bin/
   4.0% dep/recastnavigation/RecastDemo/Build/Xcode/Recast.xcodeproj/
   4.1% dep/recastnavigation/RecastDemo/Build/Xcode/
  13.2% dep/recastnavigation/RecastDemo/Contrib/SDL/docs/html/
   8.3% dep/recastnavigation/RecastDemo/Contrib/SDL/include/
   5.8% dep/recastnavigation/RecastDemo/Contrib/SDL/lib/
   4.2% dep/recastnavigation/RecastDemo/Contrib/
   5.1% dep/recastnavigation/RecastDemo/Source/

TBC(cleaned)_COMMIT 6516785  by faramir118 (commiter Schmoozerd) " [s1481] Add MoveMapGen tool to generate MMaps "
  71.3% contrib/mmap/src/
   8.2% contrib/mmap/win/VC100/
   4.6% contrib/mmap/win/VC90/
   7.8% contrib/mmap/win/
   7.9% contrib/mmap/

TBC(cleaned)_COMMIT 6ff140e  by faramir118 (commiter Schmoozerd) " [s1482] Fix Liquid Extraction and better hole support "
  12.0% contrib/extractor/loadlib/
  79.5% contrib/extractor/
   3.7% src/game/
   4.5% src/shared/

TBC(cleaned)_COMMIT e491993  by faramir118 (commiter Schmoozerd) " [s1483] Add recastnavigation to dependencies "
  13.7% dep/lib/win32_debug/
  13.7% dep/lib/win32_release/
  13.7% dep/lib/x64_Debug/
  13.7% dep/lib/x64_release/
  17.2% dep/
  27.5% src/shared/

TBC(cleaned)_COMMIT 7e12b83  by sixsixnine (commiter Schmoozerd) " [s1484] Ignore RecastDemo/Build directory with git "
  39.7% src/shared/

TBC(cleaned)_COMMIT 3c12007  by sixsixnine (commiter Schmoozerd) " [s1485] Add files for MMaps Implementation "
  47.0% src/game/
  11.0% win/VC100/
  20.1% win/VC90/
  21.1% win/

TBC(cleaned)_COMMIT 57176ea  by faramir118 (commiter Schmoozerd) " [s1486] Add a pathfinding log-filter "
  97.6% src/shared/

TBC(cleaned)_COMMIT 6df9d0d  by sixsixnine (commiter Schmoozerd) " [s1487] Implement Pathfinder class to handle the actual pathfinding "
  99.2% src/game/

TBC(cleaned)_COMMIT d04ea87  by faramir118 (commiter Schmoozerd) " [s1488] Implement loading for MMap Generator "
  63.4% src/game/vmap/
  32.9% src/game/
   3.6% src/shared/

TBC(cleaned)_COMMIT 2019b3b  by sixsixnine (commiter Schmoozerd) " [s1489] Use mmaps for Spline Movement "
  53.7% src/game/movement/
  44.2% src/game/

TBC(cleaned)_COMMIT a24b2dc  by sixsixnine (commiter Schmoozerd) " [s1490] Use mmaps for MovementGenerators "
  99.8% src/game/

TBC(cleaned)_COMMIT 78f73b0  by faramir118 (commiter Schmoozerd) " [s1491] Add commands for MMaps "
  99.4% src/game/

TBC(cleaned)_COMMIT a955d46  by Schmoozerd (commiter Schmoozerd) " [s1492] Add new scripts and windows binary files for extraction "
  99.9% contrib/extractor_binary/

TBC(cleaned)_COMMIT 370db2f  by Schmoozerd (commiter Schmoozerd) " [s1493] Update ad.exe "
  99.9% contrib/extractor/

TBC(cleaned)_COMMIT 2507b70  by Schmoozerd (commiter Schmoozerd) " [s1494] Remove old binaries for extraction "
  99.8% contrib/vmap_extract_assembler_bin/

TBC(cleaned)_COMMIT 48e1d61  by faramir118 (commiter Schmoozerd) " [s1495] Increment map version magic. You have to re-extract maps, vmaps and mmaps "
  28.3% contrib/extractor/
  30.7% contrib/mmap/src/
  24.0% src/game/
  16.8% src/shared/

TBC(cleaned)_COMMIT f851680  by sixsixnine (commiter Schmoozerd) " [s1496] Let creatures evade when the enemy is unreachable "
  95.7% src/game/
   4.2% src/shared/

TBC(cleaned)_COMMIT a03ca69  by faramir118 (commiter Schmoozerd) " [s1497] Improve GetNearPoint "
  91.0% src/game/
   8.9% src/shared/

TBC(cleaned)_COMMIT 64b9485  by Salja (commiter Schmoozerd) " [s1498] Update extractors for MaNGOS-One. "
  19.9% contrib/extractor/
  77.3% contrib/extractor_binary/

TBC(cleaned)_COMMIT 256a6a1  by stfx (commiter Schmoozerd) " [s1499] Sync default range for Say and TextEmote "
  39.6% src/game/
  36.2% src/mangosd/
  24.1% src/shared/

TBC(cleaned)_COMMIT 872a7c5  by Schmoozerd (commiter Schmoozerd) " [s1500] Improve MoveMapGen script to create mmaps directory if not exists - thanks to Bobi for pointing "
  83.1% contrib/extractor_binary/
  16.8% src/shared/

TBC(cleaned)_COMMIT ee0c1c5  by Schmoozerd (commiter Schmoozerd) " [s1501] Add ASSERT helper function to print entry and guid info "
  93.7% src/game/
   6.2% src/shared/

TBC(cleaned)_COMMIT dd9e41e  by SilverIce (commiter Schmoozerd) " [s1502] simplify HandleMmapTestArea code a bit "
  89.5% src/game/
  10.4% src/shared/

TBC(cleaned)_COMMIT 01d036f  by SilverIce (commiter Schmoozerd) " [s1503] fix MoveMapGen vc90 build problems (add missing project dependencies) thx Thermaltake "
  80.6% contrib/mmap/win/
  19.3% src/shared/

TBC(cleaned)_COMMIT f9f9876  by Schmoozerd (commiter Schmoozerd) " [s1504] Let Waypoints fly. Thanks to qsa for the idea "
  30.0% sql/updates/
  37.7% sql/
  32.2% src/shared/

TBC(cleaned)_COMMIT 57decc4  by Schmoozerd (commiter Schmoozerd) " [s1505] Fix Player::GetNPCIfCanInteractWith to consider forced reactions "
  97.4% src/game/

TBC(cleaned)_COMMIT 73992a9  by Schmoozerd (commiter Schmoozerd) " [s1506] Really fix [1505]. This basicly reverts commit 1505 "
  98.1% src/game/

TBC(cleaned)_COMMIT f0df8d6  by rsa (commiter Schmoozerd) " [s1507] Fix copy&paste error from last commit - otherwise server will crash with first loaded player pet "
  89.4% src/game/
  10.5% src/shared/

TBC(cleaned)_COMMIT be70379  by Velvet (commiter Schmoozerd) " fix healing stream and mana spring totem, closes #20 "
  86.8% src/game/
  13.1% src/shared/

TBC(cleaned)_COMMIT 97d9fd6  by Schmoozerd (commiter Schmoozerd) " [s1509] Improve interaction checks related to quests "
  98.8% src/game/

TBC(cleaned)_COMMIT 2f81cde  by Schmoozerd (commiter Schmoozerd) " [s1510] Fix typo, also use shiny wrapper for ObjectGuid.GetString. Thanks to tyrnon for pointing "
  98.1% src/game/

TBC(cleaned)_COMMIT 8b81dfe  by Nighoo (commiter Schmoozerd) " [s1511] add dummy aura 10848, from previous commit "
  33.3% src/game/
  66.6% src/shared/

TBC(cleaned)_COMMIT 46bfa9c  by Schmoozerd (commiter Schmoozerd) " [s1512] Implement spell 21056 "
  89.4% src/game/
  10.5% src/shared/

TBC(cleaned)_COMMIT 66cc8c8  by Forusim (commiter Schmoozerd) " [s1513] Implement spell 31447 "
  90.4% src/game/
   9.5% src/shared/

TBC(cleaned)_COMMIT 3e98738  by Hundekuchen (commiter Schmoozerd) " [s1514] Implement spell 32960 "
  94.2% src/game/
   5.7% src/shared/

TBC(cleaned)_COMMIT f2e22b0  by zergtmn (commiter Schmoozerd) " [s1515] Some warning fixes "
  82.6% src/game/
  10.2% src/shared/Database/
   7.0% src/shared/

TBC(cleaned)_COMMIT a1daf62  by stfx (commiter Schmoozerd) " Uncomment a needed change of 2654c01. "
 100.0% src/game/

TBC(cleaned)_COMMIT 17fd0b7  by faramir118 (commiter Schmoozerd) " [s1516] fix compile, correct path in Detour project "
  91.6% dep/recastnavigation/Detour/win/VC90/
   8.3% src/shared/

TBC(cleaned)_COMMIT 76497c3  by Schmoozerd (commiter Schmoozerd) " [s1517] Fix Pet behaviour for environmental damage "
  67.6% src/game/
  32.3% src/shared/

TBC(cleaned)_COMMIT 1ff3fd1  by Den (commiter Schmoozerd) " [s1518] Remove some obsolete defines "
  69.2% src/game/
  30.7% src/shared/

TBC(cleaned)_COMMIT 994dfef  by Xfurry (commiter Schmoozerd) " [s1519] Implement spell 37125 periodic trigger code. "
  96.2% src/game/
   3.7% src/shared/

TBC(cleaned)_COMMIT f3ae128  by Reamer (commiter Schmoozerd) " [s1520] Show Combat log entries for heals from NPCs "
  73.0% src/game/
  26.9% src/shared/

TBC(cleaned)_COMMIT 766d9ff  by Klark20 (commiter Schmoozerd) " [s1521] Fix spell of Orb of Translocation, spells 25140 29128 "
  81.3% src/game/
  18.6% src/shared/

TBC(cleaned)_COMMIT 7313130  by MacWarriors (commiter Schmoozerd) " [s1522] Check display Id for .modify morph command "
  85.2% src/game/
  14.7% src/shared/

TBC(cleaned)_COMMIT 525714c  by Nighoo (commiter Schmoozerd) " [s1523] Add git_id (*nix version) to .gitignore "
  11.1% contrib/git_id/
  88.8% src/shared/

TBC(cleaned)_COMMIT 7ded635  by cyberium (commiter Schmoozerd) " [s1524] Fix possible crash when trying to add playerto group who is not in world "
  96.5% src/game/
   3.4% src/shared/

TBC(cleaned)_COMMIT f9830e3  by Schmoozerd (commiter Schmoozerd) " [s1525] Replace use of HashMapFolder.Find<Player> with ObjectAccessor::FindPlayer wrapper "
  85.8% src/game/
  14.1% src/shared/

TBC(cleaned)_COMMIT b2d6f62  by Schmoozerd (commiter Schmoozerd) " [s1526] Make binary_extracting scripts compatible to bourne shell. Thanks to nighoo for pointing "
  94.3% contrib/extractor_binary/
   5.6% src/shared/

TBC(cleaned)_COMMIT dd1ac14  by Schmoozerd (commiter Schmoozerd) " [s1527] Add a bunch of unMaxTargets spell target limits from  R2-fork. "
  87.1% src/game/
  12.8% src/shared/

TBC(cleaned)_COMMIT c9a7753  by Schmoozerd (commiter Schmoozerd) " [s1528] Rewrite and cleanup DB Script Engine "
   5.9% doc/
  13.2% sql/updates/
  79.7% src/game/

TBC(cleaned)_COMMIT ae4826e  by Xfurry (commiter Schmoozerd) " [s1529] Implement effects for spells 27687, 27695 "
  12.9% contrib/extractor_binary/
  83.4% src/game/
   3.5% src/shared/

TBC(cleaned)_COMMIT b315f74  by Schmoozerd (commiter Schmoozerd) " [s1530] Add option to NearestCreatureEntryWithLiveState.. GridSearcher to be able to also search for both alive and corpse creatures "
  94.6% src/game/
   5.3% src/shared/

TBC(cleaned)_COMMIT 0393a72  by Schmoozerd (commiter Schmoozerd) " [s1531] Fix non-pch compile, thanks to NeatElves for pointing "
  48.6% src/game/
  51.3% src/shared/

TBC(cleaned)_COMMIT ea2d2d9  by stfx (commiter Schmoozerd) " [s1532] Some whitespace cleanup in SpellAuras (around Shape-Shifting) "
  56.5% src/game/
  43.4% src/shared/

TBC(cleaned)_COMMIT 82a95e3  by Xfurry (commiter Schmoozerd) " [s1533] Improve SCRIPT_COMMAND_MOVE_TO "
   3.8% doc/
  62.8% sql/updates/
   3.0% sql/
  25.5% src/game/
   4.6% src/shared/

TBC(cleaned)_COMMIT 0fac7b7  by Nighoo (commiter Schmoozerd) " [s1534] delete wrong backported sql file "
  96.1% sql/updates/
   3.8% src/shared/

TBC(cleaned)_COMMIT b3e290c  by stfx (commiter Schmoozerd) " [s1535] Check group id of group loot timer when timer is started. Close pull request #39 "
  88.6% src/game/
  11.3% src/shared/

TBC(cleaned)_COMMIT 5b217d4  by michalpolko (commiter Schmoozerd) " [s1536] Implement spell 27819, thanks to stfx for research "
  92.2% src/game/
   7.7% src/shared/

TBC(cleaned)_COMMIT 38d9b8b  by stfx (commiter Schmoozerd) " [s1537] Unify loot related code and fix engrish. "
  93.8% src/game/
   6.1% src/shared/

TBC(cleaned)_COMMIT c8c80c9  by stfx (commiter Schmoozerd) " [s1538] Add support to send the anim for SMSG_TAMEOBJECT_CUSTOM_ANIM "
  87.3% src/game/
  12.6% src/shared/

TBC(cleaned)_COMMIT 3cec295  by Reamer (commiter Schmoozerd) " [s1539] Do not calculate targets for different effects with same targeting multiple times "
  99.7% src/game/

TBC(cleaned)_COMMIT 8bf2749  by Nighoo (commiter Schmoozerd) " add missing part of recent commit "
 100.0% src/game/

TBC(cleaned)_COMMIT 0687c7b  by machiavelli (commiter Schmoozerd) " [s1540] Remove .hover command "
  19.0% sql/updates/
  23.1% sql/
  47.1% src/game/
  10.5% src/shared/

TBC(cleaned)_COMMIT df28634  by przemratajczak (commiter Schmoozerd) " [s1541] Implement spell (Decimate) "
  89.0% src/game/
  10.9% src/shared/

TBC(cleaned)_COMMIT 6779ff9  by Schmoozerd (commiter Schmoozerd) " [s1542] Aura 10848 should not cause UNIT_AURAFLAG_ALIVE_INVISIBLE "
  33.3% src/game/
  66.6% src/shared/

TBC(cleaned)_COMMIT efc99fb  by stfx (commiter Schmoozerd) " [s1543] Implement spell effect 131 - SPELL_EFFECT_PLAY_SOUND "
  96.1% src/game/
   3.8% src/shared/

TBC(cleaned)_COMMIT b012ba3  by PSZ (commiter Schmoozerd) " [s1544] Implement custom overwrite for range of some spell effects "
  94.7% src/game/
   5.2% src/shared/

TBC(cleaned)_COMMIT cec1e99  by Schmoozerd (commiter Schmoozerd) " [s1545] Fix logic bug in s1539 "
  29.1% src/game/
  70.8% src/shared/

TBC(cleaned)_COMMIT 901243b  by Schmoozerd (commiter Schmoozerd) " [s1546] Add support for Creature List of Entry in Range grid searcher "
  93.4% src/game/
   6.5% src/shared/

TBC(cleaned)_COMMIT 80e3d27  by Schmoozerd (commiter Schmoozerd) " [s1547] Add additional check for game_events, invalid occurence "
  88.1% src/game/
  11.8% src/shared/

TBC(cleaned)_COMMIT 805512e  by Nighoo (commiter Schmoozerd) " change modifier for spell 28374 (decimate) "
  53.7% src/game/
  46.2% src/shared/

TBC(cleaned)_COMMIT 4f7e577  by Schmoozerd (commiter Schmoozerd) " [s1549] Implement new conditions system "
  30.4% contrib/convertConditions/
  12.3% sql/updates/
   3.6% sql/
  53.1% src/game/

TBC(cleaned)_COMMIT d33a788  by Schmoozerd (commiter Schmoozerd) " [s1550] Tweak comment about default config values "
  67.0% src/mangosd/
  32.9% src/shared/

TBC(cleaned)_COMMIT aa7fdb9  by Schmoozerd (commiter Schmoozerd) " [s1551] Replace an ASSERT to prevent unnecessairy crashes "
  87.0% src/game/
  12.9% src/shared/

TBC(cleaned)_COMMIT 12bedaa  by Schmoozerd (commiter Schmoozerd) " [s1552] Add support for range dependend slave/master "
   3.6% sql/updates/
   4.3% sql/
  88.9% src/game/
   3.0% src/shared/

TBC(cleaned)_COMMIT 4cb2330  by Xfurry (commiter Schmoozerd) " [s1553] Implement aura 24210 (overwrite for removed spell 24311 "
  94.6% src/game/
   5.3% src/shared/

TBC(cleaned)_COMMIT 94d1bbd  by Schmoozerd (commiter Schmoozerd) " [s1554] Add wrapper HasAttribute to check if a spell has an attribute "
  99.8% src/game/

TBC(cleaned)_COMMIT df94b68  by Xfurry (commiter Schmoozerd) " [s1555] Remove partial DummyEffect implementation of spells 8593, 31225 "
  89.1% src/game/
  10.8% src/shared/

TBC(cleaned)_COMMIT 5458398  by stfx (commiter Schmoozerd) " [s1556] Backport misc changes from master "
  97.6% src/game/

TBC(cleaned)_COMMIT e31e6eb  by stfx (commiter Schmoozerd) " [s1557] Sync code style with master. "
  99.8% src/game/

TBC(cleaned)_COMMIT 10a87c5  by stfx (commiter Schmoozerd) " [s1558] Partially port [9704] "
  69.2% src/game/
  30.7% src/shared/

TBC(cleaned)_COMMIT 142fee6  by stfx (commiter Schmoozerd) " [s1559] Breath/fatigue/fire damage timers tick each 2 sec. "
  87.2% src/game/
  12.7% src/shared/

TBC(cleaned)_COMMIT f115466  by stfx (commiter Schmoozerd) " [s1560] Backport second part of [9083] "
  96.1% src/game/
   3.8% src/shared/

TBC(cleaned)_COMMIT 2eae307  by Reamer (commiter Schmoozerd) " [s1561] Fix spell targeting for some spells like 20243 "
  74.6% src/game/
  25.3% src/shared/

TBC(cleaned)_COMMIT 46bf6f5  by Schmoozerd (commiter Schmoozerd) " [s1562] Use a few more enums instead of magic numbers "
  88.3% src/game/
  11.6% src/shared/

TBC(cleaned)_COMMIT fa401c5  by Schmoozerd (commiter Schmoozerd) " [s1563] Fix some spell visuals (for spells like 39179) "
  84.1% src/game/
  15.8% src/shared/

TBC(cleaned)_COMMIT d728b95  by Schmoozerd (commiter Schmoozerd) " [s1564] More uses of wrappers introduced in s1554 "
  98.9% src/game/

TBC(cleaned)_COMMIT 7f36f29  by Den (commiter Schmoozerd) " [s1565] Remove outdated comment "
  89.6% src/game/
  10.3% src/shared/

TBC(cleaned)_COMMIT 7522ec0  by Schmoozerd (commiter Schmoozerd) " [s1566] Fix mangos.sql. Thanks to NicolasQuasar for pointing. "
  93.4% sql/
   6.5% src/shared/

TBC(cleaned)_COMMIT 7328f71  by virusav (commiter Schmoozerd) " [s1567] Remove ReqSourceItems when rewarding or abandoning a quest "
  98.5% src/game/

TBC(cleaned)_COMMIT a05299d  by Nighoo (commiter Schmoozerd) " [s1568] Revert "Uncomment a needed change of 2654c01." "
  69.0% src/game/
  30.9% src/shared/

TBC(cleaned)_COMMIT 3dbb0a2  by stfx (commiter Schmoozerd) " [s1569] Revert duration attribute move of [s1557] as SQLStorage expects the struct and db to have the same order. "
  83.4% src/game/
  16.5% src/shared/

TBC(cleaned)_COMMIT 5e21804  by stfx (commiter Schmoozerd) " Downgrade mechanic of spell 27819 to TBC times "
 100.0% src/game/

TBC(cleaned)_COMMIT 57ba7d3  by Schmoozerd (commiter Schmoozerd) " [s1570] Improve support for wild summoned GOs "
  96.1% src/game/
   3.8% src/shared/

TBC(cleaned)_COMMIT 685fb47  by Den (commiter Schmoozerd) " [s1571] Fix targeting of most pet spells. They expect to target alive pets "
  78.9% src/game/
  21.0% src/shared/

TBC(cleaned)_COMMIT 8a9641d  by virusav (commiter Schmoozerd) " [s1572] Fix DB_STRICTED_CHECK output for gossip "
  85.1% src/game/
  14.8% src/shared/

TBC(cleaned)_COMMIT 9b887d2  by Schmoozerd (commiter Schmoozerd) " [s1573] Add new SCRIPT_COMMAND_SEND_TAXI_PATH to trigger a taxi path "
   6.3% doc/
  91.4% src/game/

TBC(cleaned)_COMMIT bbacebb  by Schmoozerd (commiter Schmoozerd) " [s1574] Implement support for go_template_scripts "
  32.3% sql/updates/
  32.4% sql/
  29.8% src/game/
   5.3% src/shared/

TBC(cleaned)_COMMIT 6dfb7af  by Schmoozerd (commiter Schmoozerd) " [s1575] Improve targeting for spells with TARGET_TOTEM_* targets "
  94.3% src/game/
   5.6% src/shared/

TBC(cleaned)_COMMIT 26ff427  by Schmoozerd (commiter Schmoozerd) " [s1576] Fix possible memory leak in .gameobject add command "
  89.6% src/game/
  10.3% src/shared/

TBC(cleaned)_COMMIT 97f5022  by Schmoozerd (commiter Schmoozerd) " [s1577] Fix a bug in SCRIPT_COMMAND_TEMP_SUMMON_CREATURE "
  92.8% src/game/
   7.1% src/shared/

TBC(cleaned)_COMMIT ef7a7fb  by Schmoozerd (commiter Schmoozerd) " [s1578] Add support to call spell_scripts in more cases "
   7.0% doc/
  91.8% src/game/

TBC(cleaned)_COMMIT f99731e  by Schmoozerd (commiter Schmoozerd) " [s1579] More db-script command changes "
  98.7% src/game/

TBC(cleaned)_COMMIT 4b041cd  by Schmoozerd (commiter Schmoozerd) " [s1580] Use unMaxTargets for GO-target fills "
  97.0% src/game/

TBC(cleaned)_COMMIT fbdfe79  by Schmoozerd (commiter Schmoozerd) " [s1581] Fix some spell targeting "
  97.3% src/game/

TBC(cleaned)_COMMIT 4bc51c8  by Schmoozerd (commiter Schmoozerd) " [s1582] Implement creature_linking by guid "
   4.0% sql/updates/
   5.4% sql/
  89.0% src/game/

TBC(cleaned)_COMMIT 9a6da50  by Schmoozerd (commiter Schmoozerd) " [s1583] Fix following for guid linked npcs on evade "
  95.9% src/game/
   4.0% src/shared/

TBC(cleaned)_COMMIT 017d27e  by boxa (commiter Schmoozerd) " [s1584] cleanup EffectResurrect "
  96.2% src/game/
   3.7% src/shared/

TBC(cleaned)_COMMIT 42e846a  by rsa (commiter Schmoozerd) " [s1585] Implement spell 45204 "
  84.6% src/game/
  15.3% src/shared/

TBC(cleaned)_COMMIT fe1382c  by Lillecarl (commiter Schmoozerd) " [s1586] remove unused enumeration "
  76.4% src/game/
  23.5% src/shared/

TBC(cleaned)_COMMIT a130642  by TheLuda (commiter Schmoozerd) " - Readded git attributes without rules for Visual Studio files. "

TBC(cleaned)_COMMIT ffe6d22  by Salja (commiter Schmoozerd) " [s1587] Support loading tables with default filling into SQL-Loader "
  98.9% src/shared/Database/

TBC(cleaned)_COMMIT 2631650  by Kid10 (commiter Schmoozerd) " [s1588] Implement server side spells "
  22.3% sql/updates/
  27.4% sql/
  46.1% src/game/
   4.0% src/shared/

TBC(cleaned)_COMMIT a927ada  by NeatElves (commiter Schmoozerd) " [s1589] Add new CONDITION_REPUTATION_RANK_MAX (30) "
  94.7% src/game/
   5.2% src/shared/

TBC(cleaned)_COMMIT 0b5fc77  by michalpolko (commiter Schmoozerd) " [s1590] Implement spells 28832 28833 28834 28835 (Naxxramas Four Horsemen Marks) "
  95.4% src/game/
   4.5% src/shared/

TBC(cleaned)_COMMIT 842f52e  by Xfurry (commiter Schmoozerd) " [s1591] Implement spell 33326 "
  79.7% src/game/
  20.2% src/shared/

TBC(cleaned)_COMMIT 1840030  by Xfurry (commiter Schmoozerd) " [s1592] Add to vanilla spells as server-side spells (23263, 25192) "
  40.4% sql/updates/
  41.7% sql/
  17.8% src/shared/

TBC(cleaned)_COMMIT 22d31c9  by stfx (commiter Schmoozerd) " [s1593] Do some smaller cleanups "
  32.0% sql/
  64.9% src/game/
   3.0% src/shared/

TBC(cleaned)_COMMIT 7cf384f  by Reamer (commiter Schmoozerd) " [s1594] Add pullrequest #47 for improvements with mmap generator debug output "
  71.4% contrib/mmap/src/
  28.5% src/shared/

TBC(cleaned)_COMMIT 538878d  by Reamer (commiter Schmoozerd) " [s1595] Implement targeting for spell 30843 "
  90.4% src/game/
   9.5% src/shared/

TBC(cleaned)_COMMIT 0df1674  by Schmoozerd (commiter Schmoozerd) " [s1596] Enable SQL-Storage to work with entries of value zero "
  49.0% src/shared/Database/
  50.9% src/shared/

TBC(cleaned)_COMMIT 0067845  by Schmoozerd (commiter Schmoozerd) " [s1597] Fix Targetpair (87, 8) to use TARGET_FLAG_DEST_LOCATION "
  92.2% src/game/
   7.7% src/shared/

TBC(cleaned)_COMMIT abcae78  by Schmoozerd (commiter Schmoozerd) " [s1598] Replace std containers of ObjectGuids with some predefined types "
  99.2% src/game/

TBC(cleaned)_COMMIT 9244b84  by Reamer (commiter Schmoozerd) " [s1599] Add some VMap LoS checking functions to Map scope "
  97.2% src/game/

TBC(cleaned)_COMMIT b4f44c3  by Xfurry (commiter Schmoozerd) " [s1600] Implement spell 35865 "
  90.9% src/game/
   9.0% src/shared/

TBC(cleaned)_COMMIT db6c449  by Reamer (commiter Schmoozerd) " [s1601] Support Random Movement around a point "
   6.6% doc/
  91.6% src/game/

TBC(cleaned)_COMMIT 2fb5e1a  by Schmoozerd (commiter Schmoozerd) " [s1602] Change way location targeting is handled "
  97.8% src/game/

TBC(cleaned)_COMMIT abe4ce4  by Xfurry (commiter Schmoozerd) " [s1603] Implement spells 33923 and 38796 "
  87.5% src/game/
  12.4% src/shared/

TBC(cleaned)_COMMIT 0df9a7c  by stfx (commiter Schmoozerd) " [s1604] Use enum for rest state "
  91.6% src/game/
   8.3% src/shared/

TBC(cleaned)_COMMIT de8b972  by kaelima (commiter Schmoozerd) " [s1605] Use bitmask for chat tag. "
  95.8% src/game/
   4.1% src/shared/

TBC(cleaned)_COMMIT 304ed99  by TheLuda (commiter Schmoozerd) " - Compile fixes for the map extractor, and g3dlite. "
  44.1% contrib/extractor/
  55.8% dep/include/g3dlite/G3D/

TBC(cleaned)_COMMIT d9af6fa  by Schmoozerd (commiter Schmoozerd) " [s1606] Fix a bug to not display usability for weapons correctly "
  42.8% src/game/
  57.1% src/shared/

TBC(cleaned)_COMMIT 6220378  by Nay (commiter Schmoozerd) " [s1607] When GM is invisible use a transparency visual aura "
  79.5% src/game/
  16.3% src/mangosd/
   4.1% src/shared/

TBC(cleaned)_COMMIT 2d0e927  by Schmoozerd (commiter Schmoozerd) " [s1608] Add some comments to SummonProperty enums "
  97.4% src/game/

TBC(cleaned)_COMMIT 85b2bd0  by codels (commiter Schmoozerd) " [s1609] Add CONDITION_NOT (-3) to conditions system "
  97.4% src/game/

TBC(cleaned)_COMMIT 93bf0cf  by stfx (commiter Schmoozerd) " [s1610] Some more warning fixes "
  97.0% src/game/

TBC(cleaned)_COMMIT 1237aba  by Schmoozerd (commiter Schmoozerd) " [s1611] Fix an error with debug output for MoveFall. Thx to stfx for pointing "
  93.5% src/game/
   6.4% src/shared/

TBC(cleaned)_COMMIT f483709  by Salja (commiter Schmoozerd) " [s1612] Fixup recent commit :( thx for pointing "
  84.6% src/game/
  15.3% src/shared/

TBC(cleaned)_COMMIT f9423a7  by darkstalker (commiter Schmoozerd) " [s1613] Fix some warnings "
   4.7% src/game/AuctionHouseBot/
  10.2% src/game/movement/
  83.5% src/game/

TBC(cleaned)_COMMIT 685aa64  by TheLuda (commiter Schmoozerd) " - Corrected typo in RealmList message. "
 100.0% src/realmd/

TBC(cleaned)_COMMIT e15f140  by Salja (commiter Schmoozerd) " [s1614] Fix Typo in mangos.sql "
  42.2% sql/
  57.7% src/shared/

TBC(cleaned)_COMMIT 04a6906  by Schmoozerd (commiter Schmoozerd) " [s1615] Add some defines for hard-coded field-indexes that need special convertion on SQL-Storage loading - Idea by Vladimir "
  91.6% src/game/
   8.3% src/shared/

TBC(cleaned)_COMMIT 53148ed  by Nighoo (commiter Schmoozerd) " [s1616] Correct SQL field indexes for spell templates "
  93.5% src/game/
   6.4% src/shared/

TBC(cleaned)_COMMIT f0ea83b  by Schmoozerd (commiter Schmoozerd) " [s1617] Refactor Unit kills Creature case "
  99.1% src/game/

TBC(cleaned)_COMMIT b4e0b49  by GriffonHeart (commiter Schmoozerd) " [s1618] Implement SummonPossessed "
  97.9% src/game/

TBC(cleaned)_COMMIT 460fadf  by Schmoozerd (commiter Schmoozerd) " [s1619] Let PossessedSummons despawn on Channeled-Aura interrupt "
  96.1% src/game/
   3.8% src/shared/

TBC(cleaned)_COMMIT 1bb73a3  by Schmoozerd (commiter Schmoozerd) " [s1620] Interrupt possessed channeling when possessed dies "
  93.4% src/game/
   6.5% src/shared/

TBC(cleaned)_COMMIT 4daee39  by boxa (commiter Schmoozerd) " [s1621] Fixup commit 12043, My bad. Thx to Reamer for pointing "
  72.2% src/game/
  27.7% src/shared/

TBC(cleaned)_COMMIT 29abc0f  by stfx (commiter Schmoozerd) " [s1622] Add grayard linking/ unlinking support "
  98.4% src/game/

TBC(cleaned)_COMMIT e6b350e  by Velvet (commiter Schmoozerd) " [s1623] Fix a bug of [s1411] that causes wrong offhand attack times for players. "
  96.7% src/game/
   3.2% src/shared/

TBC(cleaned)_COMMIT 4ad9156  by Sergey (commiter Schmoozerd) " Don't use reference for ObjectGuid in WorldSession::CanInteractWithQuestGiver "
 100.0% src/game/

TBC(cleaned)_COMMIT bff86c2  by Schmoozerd (commiter Schmoozerd) " [s1624] Add some static wrappers for Lookup access to SQLStorages "
  98.2% src/game/

TBC(cleaned)_COMMIT fb117ad  by Schmoozerd (commiter Schmoozerd) " [s1625] Remove more header includes "
  98.7% src/game/

TBC(cleaned)_COMMIT 0be6b63  by stfx (commiter Schmoozerd) " [s1626] Add grid searcher for OPvP Capture Points "
  98.2% src/game/

TBC(cleaned)_COMMIT d08ea08  by Nighoo (commiter Schmoozerd) " [s1627] fix build and close #40 "
  29.1% src/game/
  70.8% src/shared/

TBC(cleaned)_COMMIT c6785b8  by Morenn (commiter Schmoozerd) " [s1628] dont gain spell crit/haste/hit rating by melee/ranged mods "
  89.8% src/game/
  10.1% src/shared/

TBC(cleaned)_COMMIT 32f4e63  by Xfurry (commiter Schmoozerd) " [s1629] Implement GO_TYPE_CAPTURE_POINT support "
  99.6% src/game/

TBC(cleaned)_COMMIT 12fcf05  by stfx (commiter Schmoozerd) " [s1630] Assert correct loading of GO_TYPE_CAPTURE_POINT "
  91.3% src/game/
   8.6% src/shared/

TBC(cleaned)_COMMIT 5ebd6ec  by Schmoozerd (commiter Schmoozerd) " Various Cleanups (game A-B) "
 100.0% src/game/AuctionHouseBot/

TBC(cleaned)_COMMIT c0063a5  by Schmoozerd (commiter Schmoozerd) " Various Cleanups (game C-E) "
 100.0% src/game/

TBC(cleaned)_COMMIT c48958d  by Schmoozerd (commiter Schmoozerd) " Various Cleanups (game F-K) "
TBC(cleaned)_COMMIT af2efa9  by Schmoozerd (commiter Schmoozerd) " Various Cleanups (game L-M) "
TBC(cleaned)_COMMIT aa0b8f0  by Schmoozerd (commiter Schmoozerd) " Various Cleanups (game N-O) "
 100.0% src/game/

TBC(cleaned)_COMMIT 04ae83f  by Schmoozerd (commiter Schmoozerd) " Various Cleanups (game P) "
 100.0% src/game/

TBC(cleaned)_COMMIT ea30c02  by Schmoozerd (commiter Schmoozerd) " Various Cleanups (game Q-R) "
TBC(cleaned)_COMMIT cd40eda  by Schmoozerd (commiter Schmoozerd) " Various Cleanups (game S) "
 100.0% src/game/

TBC(cleaned)_COMMIT 38618c1  by Schmoozerd (commiter Schmoozerd) " Various Cleanups (game T-Z) "
TBC(cleaned)_COMMIT 3b4d99c  by Schmoozerd (commiter Schmoozerd) " Various Cleanups (movement/) "
TBC(cleaned)_COMMIT 5de3f95  by Schmoozerd (commiter Schmoozerd) " Various Cleanups (vmap/) "
TBC(cleaned)_COMMIT 6db577f  by Schmoozerd (commiter Schmoozerd) " Various Cleanups (framework/) "
TBC(cleaned)_COMMIT a34bb4e  by Schmoozerd (commiter Schmoozerd) " Various Cleanups (shared/Database/) "
TBC(cleaned)_COMMIT c1eba52  by Schmoozerd (commiter Schmoozerd) " Various Cleanups (realmd/) "
TBC(cleaned)_COMMIT 3b96f4a  by Schmoozerd (commiter Schmoozerd) " [s1631] Cleanup MaNGOS sources "
 100.0% src/shared/

TBC(cleaned)_COMMIT 7b42aae  by Lillecarl (commiter Schmoozerd) " [s1632] Fix Typo in SpellTemplate storage checks "
  69.7% src/game/
  30.2% src/shared/

TBC(cleaned)_COMMIT cfa4d30  by Schmoozerd (commiter Schmoozerd) " Cleanup Operator padding "
  10.1% src/framework/Dynamic/
   7.1% src/framework/GameSystem/
  70.1% src/framework/Utilities/
  12.5% src/game/

TBC(cleaned)_COMMIT 6b5598f  by Schmoozerd (commiter Schmoozerd) " [s1633] Fix various warnings "
   6.5% src/game/movement/
  92.8% src/game/

TBC(cleaned)_COMMIT 1c0e501  by Schmoozerd (commiter Schmoozerd) " [s1634] Rename a virtual to usual coding style "
  69.5% src/game/
  30.4% src/shared/

TBC(cleaned)_COMMIT 93fcdfc  by stfx (commiter Schmoozerd) " [s1635] Optimize some parts for ++C "
   8.0% src/game/vmap/
  66.2% src/game/
  12.0% src/mangosd/
   7.0% src/shared/Database/
   6.1% src/shared/

TBC(cleaned)_COMMIT 9ceae32  by Shyax (commiter Schmoozerd) " [s1636] Use world state enum for adding/ remove a state in bg and various cleanups "
  99.8% src/game/

TBC(cleaned)_COMMIT e5d8111  by bugeyedcreepy (commiter Schmoozerd) " [s1637] Fix another engrish line and improve the lines output "
  93.5% src/realmd/
   6.4% src/shared/

TBC(cleaned)_COMMIT 9f0e55b  by Schmoozerd (commiter Schmoozerd) " [s1638] Add some override correctness "
  89.1% src/game/
   7.4% src/shared/Database/
   3.4% src/

TBC(cleaned)_COMMIT 877bf53  by Schmoozerd (commiter Schmoozerd) " [s1639] Cleanup comment style "
  91.3% src/game/
   4.4% src/shared/Database/
   4.2% src/

TBC(cleaned)_COMMIT 3c73f81  by Schmoozerd (commiter Schmoozerd) " [s1640] Improve recent commits. Thanks to Reamer and stfx for pointing "
  54.6% src/game/
  33.6% src/realmd/
  11.7% src/shared/

TBC(cleaned)_COMMIT 29d9f97  by antiroot (commiter Schmoozerd) " [s1641] Apply ACE patches for FreeBSD "
   7.2% dep/ACE_wrappers/ace/os_include/
  88.1% dep/ACE_wrappers/ace/
   4.5% src/shared/

TBC(cleaned)_COMMIT c18757a  by antiroot (commiter Schmoozerd) " [s1642] ACE Remove sys/param.h includes "
  46.1% dep/ACE_wrappers/ace/
  53.8% src/shared/

TBC(cleaned)_COMMIT b459597  by LordJZ (commiter Schmoozerd) " [s1643] Eliminate race condition in World Log. In has been introduced with multithreaded packet processing, and prevents the dump from being written correctly, e.g. with tools. "
 100.0% src/shared/

TBC(cleaned)_COMMIT 721a514  by LordJZ (commiter Schmoozerd) " [s1644] Print stack trace in ByteBufferException::PrintPosError. "
 100.0% src/shared/

TBC(cleaned)_COMMIT 0563117  by stfx (commiter Schmoozerd) " [s1645] Improve OS detection for windows crash reporting "
 100.0% src/shared/

TBC(cleaned)_COMMIT 52a6456  by Machiavelli (commiter Schmoozerd) " [s1646] Don't check registry for game folder on windows, use relative "Data" dir, similar to linux. "
  91.8% contrib/vmap_extractor_v3/vmapextract/
   8.1% src/shared/

TBC(cleaned)_COMMIT 6090658  by stfx (commiter Schmoozerd) " [s1647] Remove redundant casts in Player.cpp "
  99.1% src/game/

TBC(cleaned)_COMMIT 2c9ecf2  by Silinoron (commiter Schmoozerd) " [s1648] Send SMSG_GROUP_INVITE also when the invite fails due to the invitee already being in a group "
  92.0% src/game/
   7.9% src/shared/

TBC(cleaned)_COMMIT 81e456c  by LordJZ (commiter Schmoozerd) " [s1649] Possibly fix ByteBuffer when no ACE_Stack_Trace available. "
 100.0% src/shared/

TBC(cleaned)_COMMIT 40fd2ad  by Machiavelli (commiter Schmoozerd) " [s1650] Remove some redundant explicit NULL checks for pointers before delete or delete[] calls since this check is done implicitly when deleting "
   6.0% src/game/vmap/
  55.4% src/game/
  34.5% src/shared/Database/
   3.9% src/shared/

TBC(cleaned)_COMMIT ac37428  by zergtmn (commiter Schmoozerd) " [s1651] Move some methods from .h to .cpp "
  95.6% src/shared/
   4.3% win/

TBC(cleaned)_COMMIT 3cd884b  by Nay (commiter Schmoozerd) " [s1652] Use a single method to send SMSG_ACTIVATETAXIREPLY "
  98.4% src/game/

TBC(cleaned)_COMMIT 33c1373  by LordJZ (commiter Schmoozerd) " [s1653] Remove unused file MySQLDelayThread.h. "
  76.6% src/shared/Database/
   3.7% src/shared/
  13.5% win/VC100/
   6.0% win/VC90/

TBC(cleaned)_COMMIT f22e8d4  by stfx (commiter Schmoozerd) " [s1654] Implement SMSG_DEFENSE_MESSAGE for the upcoming opvp system "
  97.3% src/game/

TBC(cleaned)_COMMIT b1d5eac  by Nay (commiter Schmoozerd) " [s1655] Fix sending an incorrect value in BuildPlayerChat "
  72.6% src/game/
  27.3% src/shared/

TBC(cleaned)_COMMIT 66b5995  by Shauren (commiter Schmoozerd) " [s1656] Use fabs instead of abs for float type. "
  77.3% src/game/vmap/
  22.6% src/shared/

TBC(cleaned)_COMMIT 5ad8bc7  by stfx (commiter Schmoozerd) " [s1657] Send SMSG_DEFENSE_MESSAGE, SMSG_ZONE_UNDER_ATTACK only to players outside of instances "
  98.8% src/game/

TBC(cleaned)_COMMIT d201abc  by Schmoozerd (commiter Schmoozerd) " [s1658] Fix a bug with SCRIPT_COMMAND_KILL_CREDIT "
  93.5% src/game/
   6.4% src/shared/

TBC(cleaned)_COMMIT 02e6453  by LordJZ (commiter Schmoozerd) " [s1659] Fix some unintended custom literals. "
  82.2% src/game/
  17.7% src/shared/

TBC(cleaned)_COMMIT 20df0eb  by bugeyedcreepy (commiter Schmoozerd) " [s1660] Improve some mangos_string texts and command help texts "
  39.3% sql/updates/
  56.5% sql/
   4.1% src/shared/

TBC(cleaned)_COMMIT e20d04d  by LordJZ (commiter Schmoozerd) " [s1661] Fix a bad override, blame VC for this "
  53.3% src/game/
  46.6% src/shared/

TBC(cleaned)_COMMIT 995b80d  by LordJZ (commiter Schmoozerd) " [s1662] Make use of C++11's static_assert if possible. "
  59.2% src/framework/Platform/
  31.9% src/game/movement/
   8.7% src/shared/

TBC(cleaned)_COMMIT 8a10706  by Xfurry (commiter Schmoozerd) " [s1663] Implement some spells for AQ40 "
  12.2% sql/updates/
   9.1% sql/
  70.4% src/game/
   8.2% src/shared/

TBC(cleaned)_COMMIT aabbb6d  by crackm (commiter Schmoozerd) " [s1664] Add some visual server side spells "
  46.0% sql/updates/
  47.0% sql/
   6.9% src/shared/

TBC(cleaned)_COMMIT 529190d  by Schmoozerd (commiter Schmoozerd) " [s1665] Apply CREATURE_FLAG_EXTRA_NO_TALKTO_CREDIT to all creatures "
  35.8% sql/updates/
  25.9% sql/
  38.2% src/shared/

TBC(cleaned)_COMMIT 8467062  by stfx (commiter Schmoozerd) " [s1666] Prevent unloading go before all players left capture point zone "
  87.9% src/game/
  12.0% src/shared/

TBC(cleaned)_COMMIT c263f44  by stfx (commiter Schmoozerd) " [s1667] Add Outdoor PvP placeholders and string texts "
  15.0% sql/updates/
  14.7% sql/
  45.7% src/game/OutdoorPvP/
   7.2% src/game/
  11.3% win/VC100/
   5.1% win/VC90/

TBC(cleaned)_COMMIT 7a93c40  by stfx (commiter Schmoozerd) " [s1668] Add OutdoorPvP class "
  99.2% src/game/OutdoorPvP/

TBC(cleaned)_COMMIT c507ebc  by stfx (commiter Schmoozerd) " [s1669] Add OutdoorPvPMgr class "
  99.1% src/game/OutdoorPvP/

TBC(cleaned)_COMMIT 57d6a92  by stfx (commiter Schmoozerd) " [s1670] Use OutdoorPvPMgr to save/load capture point data when grid unloads "
  90.1% src/game/
   9.8% src/shared/

TBC(cleaned)_COMMIT 0f30f80  by Xfurry (commiter Schmoozerd) " [s1671] Add Outdoor PvP handlers to various files "
  98.3% src/game/

TBC(cleaned)_COMMIT c7e3e76  by stfx (commiter Schmoozerd) " [s1672] Implement sending initial world states from Outdoor PvP scripts "
  99.7% src/game/

TBC(cleaned)_COMMIT 04af46e  by Xfurry (commiter Schmoozerd) " [s1673] Implement Silithus Outdoor PvP script "
  99.3% src/game/OutdoorPvP/

TBC(cleaned)_COMMIT e937881  by Xfurry (commiter Schmoozerd) " [s1674] Implement Eastern Plaguelands Outdoor PvP script "
  99.7% src/game/OutdoorPvP/

TBC(cleaned)_COMMIT bf55d03  by Xfurry (commiter Schmoozerd) " [s1675] Implement Hellfire Peninsula Outdoor PvP script "
  99.6% src/game/OutdoorPvP/

TBC(cleaned)_COMMIT b166d43  by Xfurry (commiter Schmoozerd) " [s1676] Implement Zangarmarsh Outdoor PvP script "
  99.7% src/game/OutdoorPvP/

TBC(cleaned)_COMMIT 9737cde  by Xfurry (commiter Schmoozerd) " [s1677] Implement Terokkar Forest Outdoor PvP script "
  99.7% src/game/OutdoorPvP/

TBC(cleaned)_COMMIT 3de8575  by Xfurry (commiter Schmoozerd) " [s1678] Implement Nagrand - Halaa Outdoor PvP script "
  99.8% src/game/OutdoorPvP/

TBC(cleaned)_COMMIT e676f7a  by stfx (commiter Schmoozerd) " [s1679] Finalize Outdoor PvP Implementation "
  77.1% src/game/
  22.8% src/shared/

TBC(cleaned)_COMMIT 01b7f92  by cyberium (commiter Schmoozerd) " [s1680] Implement spell 36677 "
  92.3% src/game/
   7.6% src/shared/

TBC(cleaned)_COMMIT 125f6a6  by Schmoozerd (commiter Schmoozerd) " [s1681] Implement ACTION_T_CHANCED_TEXT "
  39.3% doc/
  59.3% src/game/

TBC(cleaned)_COMMIT 0544392  by Schmoozerd (commiter Schmoozerd) " [s1682] Add config options to enable/ disable Outdoor PvP zones "
  34.0% src/game/OutdoorPvP/
  30.6% src/game/
  33.2% src/mangosd/

TBC(cleaned)_COMMIT 688c155  by Schmoozerd (commiter Schmoozerd) " [s1683] Fix some bugs, thanks to LordPsyan for pointing "
  57.0% src/game/OutdoorPvP/
  31.4% src/game/
  11.5% src/shared/

TBC(cleaned)_COMMIT 5a945e3  by Nighoo (commiter Schmoozerd) " [s1684] revert s1648, no tbc feature "
  92.0% src/game/
   7.9% src/shared/

TBC(cleaned)_COMMIT a5683f6  by Xfurry (commiter Schmoozerd) " [s1685] Implement some spells used in the Shade of Aran encounter "
  94.7% src/game/
   5.2% src/shared/

TBC(cleaned)_COMMIT 5a223c7  by Xfurry (commiter Schmoozerd) " [s1686] Implement spell 30835 "
  87.6% src/game/
  12.3% src/shared/

TBC(cleaned)_COMMIT 9f536e4  by Xfurry (commiter Schmoozerd) " [s1687] Implement spell 42621 "
  92.0% src/game/
   7.9% src/shared/

TBC(cleaned)_COMMIT 8fbe438  by Xfurry (commiter Schmoozerd) " [s1688] Implement some spells used in the Jan'alai encounter "
  95.7% src/game/
   4.2% src/shared/

TBC(cleaned)_COMMIT 98fd4d7  by Salja (commiter Schmoozerd) " [s1689] Move BattleGround code to separate BattleGround directory. Also some corrects to unload BG's. Thanks rsa "
  49.1% src/game/BattleGround/
  49.7% src/game/

TBC(cleaned)_COMMIT 725d52f  by Salja (commiter Schmoozerd) " [s1690] Typo from last Commit. "
  21.7% src/shared/
  78.2% win/VC90/

TBC(cleaned)_COMMIT d874ee5  by X-Savior (commiter Schmoozerd) " [s1691] Improve EventAI documentation file "
  99.8% doc/

TBC(cleaned)_COMMIT e91911f  by Schmoozerd (commiter Schmoozerd) " [s1692] Improve error output for Pets without proper faction "
  32.5% doc/
  60.6% src/game/
   6.8% src/shared/

TBC(cleaned)_COMMIT 38f34ff  by Salja (commiter Schmoozerd) " [1693] Typo from Backport Thanks vovk "
  98.1% win/VC90/

TBC(cleaned)_COMMIT 1f74b54  by Schmoozerd (commiter Schmoozerd) " [s1694] Implement spell 30769 "
  89.1% src/game/
  10.8% src/shared/

TBC(cleaned)_COMMIT 5fc8133  by Salja (commiter Schmoozerd) " [s1695] Few Typos in Default realmlist sql. "
  61.1% sql/
  38.8% src/shared/

TBC(cleaned)_COMMIT fd3baad  by Xfurry (commiter Schmoozerd) " [s1696] Implement spell 37431 and related auras "
  95.2% src/game/
   4.7% src/shared/

TBC(cleaned)_COMMIT c061710  by Xfurry (commiter Schmoozerd) " [s1697] Add target exceptions for some SSC spells "
  95.6% src/game/
   4.3% src/shared/

TBC(cleaned)_COMMIT bde38f6  by TheLuda (commiter Schmoozerd) " - Removed ancient database updates. "
  13.4% sql/updates/0.10/
   4.9% sql/updates/0.11/
   3.3% sql/updates/0.12/
  12.5% sql/updates/0.12_branch/
  37.4% sql/updates/0.6/
   7.7% sql/updates/0.7/
  15.0% sql/updates/0.8/
   3.4% sql/updates/0.9/

TBC(cleaned)_COMMIT 17a0edf  by Salja (commiter Schmoozerd) " [s1698] Some "playercreateinfo_spell" Updtes for upcomming RAF System. "
  47.5% sql/updates/
  46.7% sql/
   5.7% src/shared/

TBC(cleaned)_COMMIT 50e0211  by Salja (commiter Schmoozerd) " [s1699] Implement Refer-A-Friend System. Thanks all Authors "
   7.0% sql/updates/
   6.7% sql/
  81.5% src/game/
   4.6% src/

TBC(cleaned)_COMMIT 1a591fd  by Salja (commiter Schmoozerd) " [s1700] Implement Instance Status Open/Closed. "
  15.6% sql/updates/
  10.0% sql/
  28.1% src/game/
  36.6% src/mangosd/
   9.4% src/shared/

TBC(cleaned)_COMMIT 0b6d047  by TheLuda (commiter Schmoozerd) " - Removed deprecated tools "
   3.3% contrib/dbcEditer/bin/
  35.5% contrib/dbcEditer/

TBC(cleaned)_COMMIT 05c1a88  by TheLuda (commiter Schmoozerd) " - Script bindings are expected in src/bindings/scripts/ "
 100.0% src/bindings/

TBC(cleaned)_COMMIT 2f1231b  by TheLuda (commiter Schmoozerd) " - Applied coding style. "
   5.6% contrib/extractor/loadlib/
  17.0% contrib/extractor/
  14.9% contrib/git_id/
  24.2% contrib/mmap/src/
   5.0% contrib/mysql_to_pgsql/src/
  22.2% contrib/vmap_extractor_v3/vmapextract/
   3.3% contrib/
   3.2% src/game/
   3.6% src/

TBC(cleaned)_COMMIT 814208f  by Salja (commiter Schmoozerd) " [s1701] Update default sqls "
  99.9% sql/

TBC(cleaned)_COMMIT 477c567  by TheLuda (commiter Schmoozerd) " - Build the core before building the script bindings. "
 100.0% src/

TBC(cleaned)_COMMIT a6aacaf  by Salja (commiter Schmoozerd) " [s1702] Clean mangos.sql and fix some missing changes. "
  94.3% sql/
   5.6% src/shared/

TBC(cleaned)_COMMIT eebf32f  by Schmoozerd (commiter Schmoozerd) " [s1703] Improve pathfinding for swimming mobs, also consider dynamic flying as flying "
  95.6% src/game/
   4.3% src/shared/

TBC(cleaned)_COMMIT f535f21  by Salja (commiter Schmoozerd) " [s1704] Implement Warden System. Thanks all Authors "
  91.1% src/game/Warden/
   3.4% src/shared/Auth/

TBC(cleaned)_COMMIT e974fe5  by Salja (commiter Schmoozerd) " [s1705] Fix VC90 Files Thanks Lillecarl "
  77.8% src/game/
  14.2% src/shared/
   7.9% win/VC90/

TBC(cleaned)_COMMIT ff57651  by Salja (commiter Schmoozerd) " [s1706] Some Warden Fixes and Cleans "
   4.9% sql/updates/
  20.4% sql/
  59.9% src/game/Warden/
   6.5% src/game/
   3.5% src/shared/Auth/
   4.5% src/shared/

TBC(cleaned)_COMMIT 79f684f  by Salja (commiter Schmoozerd) " [s1707] Fix Linux Build arrg "
  40.4% src/game/Warden/
  59.5% src/shared/

TBC(cleaned)_COMMIT 799eccb  by Salja (commiter Schmoozerd) " [s1708] Fix some Typos Warden is now working on Linux. "
  83.2% sql/
  16.7% src/shared/

TBC(cleaned)_COMMIT 804997f  by TheLuda (commiter Schmoozerd) " - Fixed VMAP extractor build to properly link against libmpq. "
  73.3% contrib/vmap_extractor_v3/vmapextract/
  26.6% contrib/vmap_extractor_v3/

TBC(cleaned)_COMMIT c9f3800  by zerg (commiter Schmoozerd) " [s1709] Fix some problems detected by static code analysis "
  35.3% src/game/BattleGround/
  51.9% src/game/
  12.7% src/shared/

TBC(cleaned)_COMMIT bc39fc9  by Xfurry (commiter Schmoozerd) " [s1710] Implement some spell effects and target limitation for Magtheridon "
  88.6% src/game/
  11.3% src/shared/

TBC(cleaned)_COMMIT 3674643  by Salja (commiter Schmoozerd) " [s1711] Changed how update fields changes are identified, no longer storing o "
  95.4% src/game/
   4.5% src/shared/

TBC(cleaned)_COMMIT b0ef220  by Salja (commiter Schmoozerd) " [s1712] Typos "
  67.8% src/game/
  32.1% src/shared/

TBC(cleaned)_COMMIT 896ea0a  by Salja (commiter Schmoozerd) " [s1713] HandleResetAchievementsCommand =) "
  50.4% src/game/
  49.5% src/shared/

TBC(cleaned)_COMMIT 9647f07  by Salja (commiter Schmoozerd) " [s1714] Fix a Bug with Item Move from Commit [s1711] Thanks LilleCarl and Anton for Reporting. "
  44.5% src/game/
  55.4% src/shared/

TBC(cleaned)_COMMIT cd3e191  by Carl Hjerpe (commiter Schmoozerd) " [s1715] Initiating UpdateField bool pointer properly. Thanks evil@wow for pointing this out! "
  52.5% src/game/
  47.4% src/shared/

TBC(cleaned)_COMMIT 60cc6dd  by Salja (commiter Schmoozerd) " [s1716] Keep equipment when transforming by spell "
  85.8% src/game/
  14.1% src/shared/

TBC(cleaned)_COMMIT 25a1804  by Salja (commiter Schmoozerd) " [s1717] Add support for server-side npc summon spells Thanks cyberium "
   9.4% sql/updates/
  76.8% sql/
   7.0% src/game/
   6.5% src/shared/

TBC(cleaned)_COMMIT 2ff9355  by cyberium (commiter Schmoozerd) " [s1718] Implement some server side summons spells Thanks cyberium "
  43.7% sql/updates/
  32.8% sql/
  18.9% src/game/
   4.4% src/shared/

TBC(cleaned)_COMMIT f041015  by Schmoozerd (commiter Schmoozerd) " [s1718] Change behaviour of text selection for gossip menus "
  95.6% src/game/
   4.3% src/shared/

TBC(cleaned)_COMMIT bfccdd4  by stfx (commiter Schmoozerd) " [s1719] Remove unused argument from OutdoorPvP::HandlePlayerKillInsideArea "
  45.1% src/game/OutdoorPvP/
  53.0% src/game/

TBC(cleaned)_COMMIT 03d7d8d  by stfx (commiter Schmoozerd) " [s1720] Remove unneeded InBattleGround() as it is already checked by GetBattleGround() "
  93.7% src/game/
   6.2% src/shared/

TBC(cleaned)_COMMIT 5b4c22b  by stfx (commiter Schmoozerd) " [s1721] Add HandleEvent and HandleGameObjectCreate to battleground class "
  21.0% src/game/BattleGround/
  74.6% src/game/
   4.2% src/shared/

TBC(cleaned)_COMMIT db3d685  by stfx (commiter Schmoozerd) " [s1722] Prevent saving/loading/init capture points in instances "
  95.1% src/game/
   4.8% src/shared/

TBC(cleaned)_COMMIT d44209d  by stfx (commiter Schmoozerd) " [s1723] Merge Player::CanUseOutdoorCapturePoint into Player::CanUseCapturePoint "
  11.5% src/game/OutdoorPvP/
  85.4% src/game/

TBC(cleaned)_COMMIT b28b91a  by Schmoozerd (commiter Schmoozerd) " [s1724] Add support to link summoned npcs with following "
  87.2% src/game/
  12.7% src/shared/

TBC(cleaned)_COMMIT 2d55f28  by Schmoozerd (commiter Schmoozerd) " Fixup script_command documentation. Thanks to crackm for pointing "
 100.0% doc/

TBC(cleaned)_COMMIT 925be84  by Reamer (commiter Schmoozerd) " Add EVENT_T_TIMER to EventAI. This is a generic timer that ticks out of combat and in combat "
  53.9% doc/
  46.0% src/game/

TBC(cleaned)_COMMIT dd8245e  by Sergey (commiter Schmoozerd) " Update src/game/CreatureEventAI.h "
 100.0% src/game/

TBC(cleaned)_COMMIT fb2044c  by Schmoozerd (commiter Schmoozerd) " [s1725] Ensure EVENT_T_GENERIC_TIMER is proper initialized on create. Thanks to Reamer for spotting this glitch "
  94.0% src/game/
   5.9% src/shared/

TBC(cleaned)_COMMIT f6f6ef7  by Salja (commiter Schmoozerd) " Forgoten change from last commit [s1703] "
 100.0% src/game/

TBC(cleaned)_COMMIT 27d5227  by faramir118 (commiter Schmoozerd) " [s1726] Remove some code from pathfinding "
  97.0% src/game/

TBC(cleaned)_COMMIT c9c24e7  by faramir118 (commiter Schmoozerd) " [s1727] distinguish between updateDestination and speedChanged "
  98.6% src/game/

TBC(cleaned)_COMMIT d43dcab  by zerg (commiter Schmoozerd) " [s1728] Fix possible memory leaks in Outdoor PvP "
  50.8% src/game/OutdoorPvP/
  49.1% src/shared/

TBC(cleaned)_COMMIT 1c7e975  by Schmoozerd (commiter Schmoozerd) " [s1729] Refactor code around SMSG_PLAY_SPELL_VISUAL, drop dead code from Spell "
  95.5% src/game/
   4.4% src/shared/

TBC(cleaned)_COMMIT 7d1a2bb  by Schmoozerd (commiter Schmoozerd) " [s1730] Add exception to unneeded check for spell 30009 "
  81.9% src/game/
  18.0% src/shared/

TBC(cleaned)_COMMIT 15aea61  by Den (commiter Schmoozerd) " [s1731] Fix typo "
  89.0% src/game/
  10.9% src/shared/

TBC(cleaned)_COMMIT c96c38c  by Salja (commiter Schmoozerd) " [s1732] Rename vmaps extractor folder and project name "
  52.8% contrib/extractor_binary/
  18.9% contrib/vmap_extractor/vmapextract/
   3.8% contrib/vmap_extractor/win/
  18.9% contrib/vmap_extractor_v3/vmapextract/
   3.8% contrib/vmap_extractor_v3/win/

TBC(cleaned)_COMMIT 9122138  by Schmoozerd (commiter Schmoozerd) " [s1733] Fix a typo in the DBScriptsEngine "
  68.0% src/game/
  32.0% src/shared/

TBC(cleaned)_COMMIT 1462194  by Schmoozerd (commiter Schmoozerd) " [s1734] Fix another type in DBScriptsEngine. Also improve COMMAND_PLAY_SOUND "
  94.8% src/game/
   5.1% src/shared/

TBC(cleaned)_COMMIT e647fe0  by Schmoozerd (commiter Schmoozerd) " [s1735] Update the SET_FIELD, FLAG_SET and FLAG_REMOVE commands "
  98.7% src/game/

TBC(cleaned)_COMMIT e500e74  by Grz3s (commiter Schmoozerd) " [s1736] Fix a typo "
  65.4% src/game/
  34.5% src/shared/

TBC(cleaned)_COMMIT 46dcb1d  by Den (commiter Schmoozerd) " [s1737] Remove some not required things "
  61.1% src/game/
  38.8% src/shared/

TBC(cleaned)_COMMIT 30ea38b  by Den (commiter Schmoozerd) " [s1738] Add InCombat check for targets of SPELL_EFFECT_DISTRACT "
  93.9% src/game/
   6.0% src/shared/

TBC(cleaned)_COMMIT aef1490  by rsa (commiter Schmoozerd) " [s1739] Make check for Disengange like spells of [12215] more generic "
  81.5% src/game/
  18.4% src/shared/

TBC(cleaned)_COMMIT 062e04e  by Schmoozerd (commiter Schmoozerd) " [s1740] Implement UNIT_STAT_RUNNING to mark default running behaviour. Clone #17 "
  97.5% src/game/

TBC(cleaned)_COMMIT 7061eb6  by Schmoozerd (commiter Schmoozerd) " [s1741] Fix combination of fleeing and rooted behaviour "
  93.4% src/game/
   6.5% src/shared/

TBC(cleaned)_COMMIT 6600bbf  by Cyberium (commiter Schmoozerd) " [s1742] Assign PlayerMovement log to LogFilter_PlayerMoves "
  30.7% src/game/
  28.9% src/mangosd/
  40.2% src/shared/

TBC(cleaned)_COMMIT 831cc08  by Reamer (commiter Schmoozerd) " [s1743] Replace SMSG_FOCE_MOVE_[UN]ROOT with SetRoot wrapper "
  97.3% src/game/

TBC(cleaned)_COMMIT deefb1f  by Salja (commiter Schmoozerd) " Improve error output for SpineInitArgs check "
 100.0% src/game/movement/

TBC(cleaned)_COMMIT b3e6e3a  by Salja (commiter Schmoozerd) " [s1744] Fix make spell 12042 positive. "
  70.2% src/game/
  29.7% src/shared/

TBC(cleaned)_COMMIT f64aca1  by Salja (commiter Schmoozerd) " [s1745] Revert "[s1743] Replace SMSG_FOCE_MOVE_[UN]ROOT with SetRoot wrapper" "
  97.3% src/game/

TBC(cleaned)_COMMIT fb99af6  by Salja (commiter Schmoozerd) " [s1746] #63 Fix Priest Spell Lightwell (724) GameObject Spawn. "
  89.0% src/game/
  10.9% src/shared/

TBC(cleaned)_COMMIT 6f4694c  by Salja (commiter Schmoozerd) " [s1747] creatures (except totems) can't crit with spells at all. Thanks rsa "
  73.7% src/game/
  26.2% src/shared/

TBC(cleaned)_COMMIT bac40d4  by Salja (commiter Schmoozerd) " [s1748] Drop not more needed files. "
  99.7% win/VC100/

TBC(cleaned)_COMMIT b43f617  by Salja (commiter Schmoozerd) " [s1749] Small update for [s1747] Thanks @vovk for pointing. "
  75.9% src/game/
  24.0% src/shared/

FILE LAST UPDATE BASED ON b43f617 (by Salja) " [s1749] Small update for [s1747] Thanks @vovk for pointing. "

